[ 2019-03-03T10:54:29+08:00 ] 127.0.0.1 /shop/index.php/admin/cat/catelist
INFO: [ app_init ] --START--
INFO: Run Behavior\BuildLiteBehavior [ RunTime:0.000000s ]
INFO: [ app_init ] --END-- [ RunTime:0.000000s ]
INFO: [ app_begin ] --START--
INFO: Run Behavior\ReadHtmlCacheBehavior [ RunTime:0.010000s ]
INFO: [ app_begin ] --END-- [ RunTime:0.010000s ]
SQL: SHOW COLUMNS FROM `cat` [ RunTime:0.1100s ]
SQL: SELECT * FROM `cat`  [ RunTime:0.0000s ]
INFO: [ view_parse ] --START--
INFO: [ template_filter ] --START--
INFO: Run Behavior\ContentReplaceBehavior [ RunTime:0.000000s ]
INFO: [ template_filter ] --END-- [ RunTime:0.000000s ]
NOTIC: [8] Undefined index: lv D:\phpStudy\PHPTutorial\WWW\shop\Runtime\Cache\Admin\27d4c96070c9c5b16dcf99f56341c448.php 第 34 行.
NOTIC: [8] Undefined index: lv D:\phpStudy\PHPTutorial\WWW\shop\Runtime\Cache\Admin\27d4c96070c9c5b16dcf99f56341c448.php 第 34 行.
NOTIC: [8] Undefined index: lv D:\phpStudy\PHPTutorial\WWW\shop\Runtime\Cache\Admin\27d4c96070c9c5b16dcf99f56341c448.php 第 34 行.
NOTIC: [8] Undefined index: lv D:\phpStudy\PHPTutorial\WWW\shop\Runtime\Cache\Admin\27d4c96070c9c5b16dcf99f56341c448.php 第 34 行.
NOTIC: [8] Undefined index: lv D:\phpStudy\PHPTutorial\WWW\shop\Runtime\Cache\Admin\27d4c96070c9c5b16dcf99f56341c448.php 第 34 行.
NOTIC: [8] Undefined index: lv D:\phpStudy\PHPTutorial\WWW\shop\Runtime\Cache\Admin\27d4c96070c9c5b16dcf99f56341c448.php 第 34 行.
NOTIC: [8] Undefined index: lv D:\phpStudy\PHPTutorial\WWW\shop\Runtime\Cache\Admin\27d4c96070c9c5b16dcf99f56341c448.php 第 34 行.
NOTIC: [8] Undefined index: lv D:\phpStudy\PHPTutorial\WWW\shop\Runtime\Cache\Admin\27d4c96070c9c5b16dcf99f56341c448.php 第 34 行.
INFO: Run Behavior\ParseTemplateBehavior [ RunTime:0.030000s ]
INFO: [ view_parse ] --END-- [ RunTime:0.030000s ]
INFO: [ view_filter ] --START--
INFO: Run Behavior\WriteHtmlCacheBehavior [ RunTime:0.000000s ]
INFO: [ view_filter ] --END-- [ RunTime:0.000000s ]
INFO: [ app_end ] --START--
INFO: Run Behavior\ShowPageTraceBehavior [ RunTime:0.000000s ]
INFO: [ app_end ] --END-- [ RunTime:0.000000s ]

[ 2019-03-03T10:55:55+08:00 ] 127.0.0.1 /shop/index.php/admin/cat/catelist
INFO: [ app_init ] --START--
INFO: Run Behavior\BuildLiteBehavior [ RunTime:0.000000s ]
INFO: [ app_init ] --END-- [ RunTime:0.000000s ]
INFO: [ app_begin ] --START--
INFO: Run Behavior\ReadHtmlCacheBehavior [ RunTime:0.010000s ]
INFO: [ app_begin ] --END-- [ RunTime:0.010000s ]
SQL: SHOW COLUMNS FROM `cat` [ RunTime:0.0100s ]
SQL: SELECT * FROM `cat`  [ RunTime:0.0100s ]
INFO: [ view_parse ] --START--
INFO: [ template_filter ] --START--
INFO: Run Behavior\ContentReplaceBehavior [ RunTime:0.000000s ]
INFO: [ template_filter ] --END-- [ RunTime:0.000000s ]
NOTIC: [8] Undefined index: lv D:\phpStudy\PHPTutorial\WWW\shop\Runtime\Cache\Admin\27d4c96070c9c5b16dcf99f56341c448.php 第 34 行.
NOTIC: [8] Undefined index: lv D:\phpStudy\PHPTutorial\WWW\shop\Runtime\Cache\Admin\27d4c96070c9c5b16dcf99f56341c448.php 第 34 行.
NOTIC: [8] Undefined index: lv D:\phpStudy\PHPTutorial\WWW\shop\Runtime\Cache\Admin\27d4c96070c9c5b16dcf99f56341c448.php 第 34 行.
NOTIC: [8] Undefined index: lv D:\phpStudy\PHPTutorial\WWW\shop\Runtime\Cache\Admin\27d4c96070c9c5b16dcf99f56341c448.php 第 34 行.
NOTIC: [8] Undefined index: lv D:\phpStudy\PHPTutorial\WWW\shop\Runtime\Cache\Admin\27d4c96070c9c5b16dcf99f56341c448.php 第 34 行.
NOTIC: [8] Undefined index: lv D:\phpStudy\PHPTutorial\WWW\shop\Runtime\Cache\Admin\27d4c96070c9c5b16dcf99f56341c448.php 第 34 行.
NOTIC: [8] Undefined index: lv D:\phpStudy\PHPTutorial\WWW\shop\Runtime\Cache\Admin\27d4c96070c9c5b16dcf99f56341c448.php 第 34 行.
NOTIC: [8] Undefined index: lv D:\phpStudy\PHPTutorial\WWW\shop\Runtime\Cache\Admin\27d4c96070c9c5b16dcf99f56341c448.php 第 34 行.
INFO: Run Behavior\ParseTemplateBehavior [ RunTime:0.020000s ]
INFO: [ view_parse ] --END-- [ RunTime:0.020000s ]
INFO: [ view_filter ] --START--
INFO: Run Behavior\WriteHtmlCacheBehavior [ RunTime:0.000000s ]
INFO: [ view_filter ] --END-- [ RunTime:0.000000s ]
INFO: [ app_end ] --START--
INFO: Run Behavior\ShowPageTraceBehavior [ RunTime:0.000000s ]
INFO: [ app_end ] --END-- [ RunTime:0.000000s ]

[ 2019-03-03T10:56:13+08:00 ] 127.0.0.1 /shop/index.php/admin/cat/catelist
INFO: [ app_init ] --START--
INFO: Run Behavior\BuildLiteBehavior [ RunTime:0.000000s ]
INFO: [ app_init ] --END-- [ RunTime:0.000000s ]
INFO: [ app_begin ] --START--
INFO: Run Behavior\ReadHtmlCacheBehavior [ RunTime:0.000000s ]
INFO: [ app_begin ] --END-- [ RunTime:0.000000s ]
SQL: SHOW COLUMNS FROM `cat` [ RunTime:0.0000s ]
SQL: SELECT * FROM `cat`  [ RunTime:0.0000s ]
INFO: [ view_parse ] --START--
INFO: [ template_filter ] --START--
INFO: Run Behavior\ContentReplaceBehavior [ RunTime:0.000000s ]
INFO: [ template_filter ] --END-- [ RunTime:0.000000s ]
NOTIC: [8] Undefined index: lv D:\phpStudy\PHPTutorial\WWW\shop\Runtime\Cache\Admin\27d4c96070c9c5b16dcf99f56341c448.php 第 34 行.
NOTIC: [8] Undefined index: lv D:\phpStudy\PHPTutorial\WWW\shop\Runtime\Cache\Admin\27d4c96070c9c5b16dcf99f56341c448.php 第 34 行.
NOTIC: [8] Undefined index: lv D:\phpStudy\PHPTutorial\WWW\shop\Runtime\Cache\Admin\27d4c96070c9c5b16dcf99f56341c448.php 第 34 行.
NOTIC: [8] Undefined index: lv D:\phpStudy\PHPTutorial\WWW\shop\Runtime\Cache\Admin\27d4c96070c9c5b16dcf99f56341c448.php 第 34 行.
NOTIC: [8] Undefined index: lv D:\phpStudy\PHPTutorial\WWW\shop\Runtime\Cache\Admin\27d4c96070c9c5b16dcf99f56341c448.php 第 34 行.
NOTIC: [8] Undefined index: lv D:\phpStudy\PHPTutorial\WWW\shop\Runtime\Cache\Admin\27d4c96070c9c5b16dcf99f56341c448.php 第 34 行.
NOTIC: [8] Undefined index: lv D:\phpStudy\PHPTutorial\WWW\shop\Runtime\Cache\Admin\27d4c96070c9c5b16dcf99f56341c448.php 第 34 行.
NOTIC: [8] Undefined index: lv D:\phpStudy\PHPTutorial\WWW\shop\Runtime\Cache\Admin\27d4c96070c9c5b16dcf99f56341c448.php 第 34 行.
INFO: Run Behavior\ParseTemplateBehavior [ RunTime:0.010000s ]
INFO: [ view_parse ] --END-- [ RunTime:0.010000s ]
INFO: [ view_filter ] --START--
INFO: Run Behavior\WriteHtmlCacheBehavior [ RunTime:0.000000s ]
INFO: [ view_filter ] --END-- [ RunTime:0.000000s ]
INFO: [ app_end ] --START--
INFO: Run Behavior\ShowPageTraceBehavior [ RunTime:0.000000s ]
INFO: [ app_end ] --END-- [ RunTime:0.000000s ]

[ 2019-03-03T10:56:33+08:00 ] 127.0.0.1 /shop/index.php/admin/cat/catelist
INFO: [ app_init ] --START--
INFO: Run Behavior\BuildLiteBehavior [ RunTime:0.000000s ]
INFO: [ app_init ] --END-- [ RunTime:0.000000s ]
INFO: [ app_begin ] --START--
INFO: Run Behavior\ReadHtmlCacheBehavior [ RunTime:0.000000s ]
INFO: [ app_begin ] --END-- [ RunTime:0.000000s ]

[ 2019-03-03T10:56:45+08:00 ] 127.0.0.1 /shop/index.php/admin/cat/catelist
INFO: [ app_init ] --START--
INFO: Run Behavior\BuildLiteBehavior [ RunTime:0.000000s ]
INFO: [ app_init ] --END-- [ RunTime:0.000000s ]
INFO: [ app_begin ] --START--
INFO: Run Behavior\ReadHtmlCacheBehavior [ RunTime:0.000000s ]
INFO: [ app_begin ] --END-- [ RunTime:0.000000s ]

[ 2019-03-03T10:56:46+08:00 ] 127.0.0.1 /shop/index.php/admin/cat/catelist
INFO: [ app_init ] --START--
INFO: Run Behavior\BuildLiteBehavior [ RunTime:0.000000s ]
INFO: [ app_init ] --END-- [ RunTime:0.000000s ]
INFO: [ app_begin ] --START--
INFO: Run Behavior\ReadHtmlCacheBehavior [ RunTime:0.000000s ]
INFO: [ app_begin ] --END-- [ RunTime:0.000000s ]

[ 2019-03-03T10:56:51+08:00 ] 127.0.0.1 /shop/index.php/admin/cat/catelist
INFO: [ app_init ] --START--
INFO: Run Behavior\BuildLiteBehavior [ RunTime:0.000000s ]
INFO: [ app_init ] --END-- [ RunTime:0.000000s ]
INFO: [ app_begin ] --START--
INFO: Run Behavior\ReadHtmlCacheBehavior [ RunTime:0.000000s ]
INFO: [ app_begin ] --END-- [ RunTime:0.000000s ]
SQL: SHOW COLUMNS FROM `cat` [ RunTime:0.0100s ]
SQL: SELECT * FROM `cat`  [ RunTime:0.0000s ]
INFO: [ view_parse ] --START--
INFO: [ template_filter ] --START--
INFO: Run Behavior\ContentReplaceBehavior [ RunTime:0.000000s ]
INFO: [ template_filter ] --END-- [ RunTime:0.000000s ]
NOTIC: [8] Undefined index: lv D:\phpStudy\PHPTutorial\WWW\shop\Runtime\Cache\Admin\27d4c96070c9c5b16dcf99f56341c448.php 第 34 行.
NOTIC: [8] Undefined index: lv D:\phpStudy\PHPTutorial\WWW\shop\Runtime\Cache\Admin\27d4c96070c9c5b16dcf99f56341c448.php 第 34 行.
NOTIC: [8] Undefined index: lv D:\phpStudy\PHPTutorial\WWW\shop\Runtime\Cache\Admin\27d4c96070c9c5b16dcf99f56341c448.php 第 34 行.
NOTIC: [8] Undefined index: lv D:\phpStudy\PHPTutorial\WWW\shop\Runtime\Cache\Admin\27d4c96070c9c5b16dcf99f56341c448.php 第 34 行.
NOTIC: [8] Undefined index: lv D:\phpStudy\PHPTutorial\WWW\shop\Runtime\Cache\Admin\27d4c96070c9c5b16dcf99f56341c448.php 第 34 行.
NOTIC: [8] Undefined index: lv D:\phpStudy\PHPTutorial\WWW\shop\Runtime\Cache\Admin\27d4c96070c9c5b16dcf99f56341c448.php 第 34 行.
NOTIC: [8] Undefined index: lv D:\phpStudy\PHPTutorial\WWW\shop\Runtime\Cache\Admin\27d4c96070c9c5b16dcf99f56341c448.php 第 34 行.
NOTIC: [8] Undefined index: lv D:\phpStudy\PHPTutorial\WWW\shop\Runtime\Cache\Admin\27d4c96070c9c5b16dcf99f56341c448.php 第 34 行.
INFO: Run Behavior\ParseTemplateBehavior [ RunTime:0.030000s ]
INFO: [ view_parse ] --END-- [ RunTime:0.030000s ]
INFO: [ view_filter ] --START--
INFO: Run Behavior\WriteHtmlCacheBehavior [ RunTime:0.000000s ]
INFO: [ view_filter ] --END-- [ RunTime:0.000000s ]
INFO: [ app_end ] --START--
INFO: Run Behavior\ShowPageTraceBehavior [ RunTime:0.000000s ]
INFO: [ app_end ] --END-- [ RunTime:0.000000s ]

[ 2019-03-03T11:02:29+08:00 ] 127.0.0.1 /shop/index.php/admin/cat/catelist
INFO: [ app_init ] --START--
INFO: Run Behavior\BuildLiteBehavior [ RunTime:0.000000s ]
INFO: [ app_init ] --END-- [ RunTime:0.000000s ]
INFO: [ app_begin ] --START--
INFO: Run Behavior\ReadHtmlCacheBehavior [ RunTime:0.000000s ]
INFO: [ app_begin ] --END-- [ RunTime:0.000000s ]
SQL: SHOW COLUMNS FROM `cat` [ RunTime:0.0100s ]
SQL: SELECT * FROM `cat`  [ RunTime:0.0000s ]
INFO: [ view_parse ] --START--
INFO: [ template_filter ] --START--
INFO: Run Behavior\ContentReplaceBehavior [ RunTime:0.000000s ]
INFO: [ template_filter ] --END-- [ RunTime:0.000000s ]

[ 2019-03-03T11:03:25+08:00 ] 127.0.0.1 /shop/index.php/admin/cat/catelist
INFO: [ app_init ] --START--
INFO: Run Behavior\BuildLiteBehavior [ RunTime:0.000000s ]
INFO: [ app_init ] --END-- [ RunTime:0.000000s ]
INFO: [ app_begin ] --START--
INFO: Run Behavior\ReadHtmlCacheBehavior [ RunTime:0.000000s ]
INFO: [ app_begin ] --END-- [ RunTime:0.000000s ]
SQL: SHOW COLUMNS FROM `cat` [ RunTime:0.0100s ]
SQL: SELECT * FROM `cat`  [ RunTime:0.0000s ]
INFO: [ view_parse ] --START--
INFO: [ template_filter ] --START--
INFO: Run Behavior\ContentReplaceBehavior [ RunTime:0.000000s ]
INFO: [ template_filter ] --END-- [ RunTime:0.000000s ]

[ 2019-03-03T11:03:43+08:00 ] 127.0.0.1 /shop/index.php/admin/cat/catelist
INFO: [ app_init ] --START--
INFO: Run Behavior\BuildLiteBehavior [ RunTime:0.000000s ]
INFO: [ app_init ] --END-- [ RunTime:0.000000s ]
INFO: [ app_begin ] --START--
INFO: Run Behavior\ReadHtmlCacheBehavior [ RunTime:0.000000s ]
INFO: [ app_begin ] --END-- [ RunTime:0.000000s ]
SQL: SHOW COLUMNS FROM `cat` [ RunTime:0.0100s ]
SQL: SELECT * FROM `cat`  [ RunTime:0.0000s ]
INFO: [ view_parse ] --START--
INFO: [ template_filter ] --START--
INFO: Run Behavior\ContentReplaceBehavior [ RunTime:0.000000s ]
INFO: [ template_filter ] --END-- [ RunTime:0.000000s ]
NOTIC: [8] Undefined index: lv D:\phpStudy\PHPTutorial\WWW\shop\Runtime\Cache\Admin\27d4c96070c9c5b16dcf99f56341c448.php 第 34 行.
NOTIC: [8] Undefined index: lv D:\phpStudy\PHPTutorial\WWW\shop\Runtime\Cache\Admin\27d4c96070c9c5b16dcf99f56341c448.php 第 34 行.
NOTIC: [8] Undefined index: lv D:\phpStudy\PHPTutorial\WWW\shop\Runtime\Cache\Admin\27d4c96070c9c5b16dcf99f56341c448.php 第 34 行.
NOTIC: [8] Undefined index: lv D:\phpStudy\PHPTutorial\WWW\shop\Runtime\Cache\Admin\27d4c96070c9c5b16dcf99f56341c448.php 第 34 行.
NOTIC: [8] Undefined index: lv D:\phpStudy\PHPTutorial\WWW\shop\Runtime\Cache\Admin\27d4c96070c9c5b16dcf99f56341c448.php 第 34 行.
NOTIC: [8] Undefined index: lv D:\phpStudy\PHPTutorial\WWW\shop\Runtime\Cache\Admin\27d4c96070c9c5b16dcf99f56341c448.php 第 34 行.
NOTIC: [8] Undefined index: lv D:\phpStudy\PHPTutorial\WWW\shop\Runtime\Cache\Admin\27d4c96070c9c5b16dcf99f56341c448.php 第 34 行.
NOTIC: [8] Undefined index: lv D:\phpStudy\PHPTutorial\WWW\shop\Runtime\Cache\Admin\27d4c96070c9c5b16dcf99f56341c448.php 第 34 行.
INFO: Run Behavior\ParseTemplateBehavior [ RunTime:0.030000s ]
INFO: [ view_parse ] --END-- [ RunTime:0.030000s ]
INFO: [ view_filter ] --START--
INFO: Run Behavior\WriteHtmlCacheBehavior [ RunTime:0.000000s ]
INFO: [ view_filter ] --END-- [ RunTime:0.000000s ]
INFO: [ app_end ] --START--
INFO: Run Behavior\ShowPageTraceBehavior [ RunTime:0.000000s ]
INFO: [ app_end ] --END-- [ RunTime:0.000000s ]

[ 2019-03-03T11:04:06+08:00 ] 127.0.0.1 /shop/index.php/admin/cat/catelist
INFO: [ app_init ] --START--
INFO: Run Behavior\BuildLiteBehavior [ RunTime:0.000000s ]
INFO: [ app_init ] --END-- [ RunTime:0.000000s ]
INFO: [ app_begin ] --START--
INFO: Run Behavior\ReadHtmlCacheBehavior [ RunTime:0.000000s ]
INFO: [ app_begin ] --END-- [ RunTime:0.000000s ]
SQL: SHOW COLUMNS FROM `cat` [ RunTime:0.0100s ]
SQL: SELECT * FROM `cat`  [ RunTime:0.0000s ]
INFO: [ view_parse ] --START--
INFO: [ template_filter ] --START--
INFO: Run Behavior\ContentReplaceBehavior [ RunTime:0.000000s ]
INFO: [ template_filter ] --END-- [ RunTime:0.000000s ]

[ 2019-03-03T11:04:53+08:00 ] 127.0.0.1 /shop/index.php/admin/cat/catelist
INFO: [ app_init ] --START--
INFO: Run Behavior\BuildLiteBehavior [ RunTime:0.000000s ]
INFO: [ app_init ] --END-- [ RunTime:0.000000s ]
INFO: [ app_begin ] --START--
INFO: Run Behavior\ReadHtmlCacheBehavior [ RunTime:0.010000s ]
INFO: [ app_begin ] --END-- [ RunTime:0.010000s ]
SQL: SHOW COLUMNS FROM `cat` [ RunTime:0.0100s ]
SQL: SELECT * FROM `cat`  [ RunTime:0.0000s ]
INFO: [ view_parse ] --START--
INFO: [ template_filter ] --START--
INFO: Run Behavior\ContentReplaceBehavior [ RunTime:0.000000s ]
INFO: [ template_filter ] --END-- [ RunTime:0.000000s ]

[ 2019-03-03T11:09:09+08:00 ] 127.0.0.1 /shop/index.php/admin/cat/catelist
INFO: [ app_init ] --START--
INFO: Run Behavior\BuildLiteBehavior [ RunTime:0.000000s ]
INFO: [ app_init ] --END-- [ RunTime:0.000000s ]
INFO: [ app_begin ] --START--
INFO: Run Behavior\ReadHtmlCacheBehavior [ RunTime:0.000000s ]
INFO: [ app_begin ] --END-- [ RunTime:0.000000s ]
SQL: SHOW COLUMNS FROM `cat` [ RunTime:0.0100s ]
SQL: SELECT * FROM `cat`  [ RunTime:0.0000s ]
INFO: [ view_parse ] --START--
INFO: [ template_filter ] --START--
INFO: Run Behavior\ContentReplaceBehavior [ RunTime:0.000000s ]
INFO: [ template_filter ] --END-- [ RunTime:0.000000s ]

[ 2019-03-03T11:09:43+08:00 ] 127.0.0.1 /shop/index.php/admin/cat/catelist
INFO: [ app_init ] --START--
INFO: Run Behavior\BuildLiteBehavior [ RunTime:0.000000s ]
INFO: [ app_init ] --END-- [ RunTime:0.000000s ]
INFO: [ app_begin ] --START--
INFO: Run Behavior\ReadHtmlCacheBehavior [ RunTime:0.000000s ]
INFO: [ app_begin ] --END-- [ RunTime:0.000000s ]
SQL: SHOW COLUMNS FROM `cat` [ RunTime:0.0100s ]
SQL: SELECT * FROM `cat`  [ RunTime:0.0000s ]
INFO: [ view_parse ] --START--
NOTIC: [2] simplexml_load_string(): Entity: line 1: parser error : AttValue: &quot; or ' expected D:\phpStudy\PHPTutorial\WWW\ThinkPHP\Library\Think\Template\TagLib.class.php 第 80 行.
NOTIC: [2] simplexml_load_string(): &lt;tpl&gt;&lt;tag start=1 end=2 /&gt;&lt;/tpl&gt; D:\phpStudy\PHPTutorial\WWW\ThinkPHP\Library\Think\Template\TagLib.class.php 第 80 行.
NOTIC: [2] simplexml_load_string():                 ^ D:\phpStudy\PHPTutorial\WWW\ThinkPHP\Library\Think\Template\TagLib.class.php 第 80 行.
NOTIC: [2] simplexml_load_string(): Entity: line 1: parser error : attributes construct error D:\phpStudy\PHPTutorial\WWW\ThinkPHP\Library\Think\Template\TagLib.class.php 第 80 行.
NOTIC: [2] simplexml_load_string(): &lt;tpl&gt;&lt;tag start=1 end=2 /&gt;&lt;/tpl&gt; D:\phpStudy\PHPTutorial\WWW\ThinkPHP\Library\Think\Template\TagLib.class.php 第 80 行.
NOTIC: [2] simplexml_load_string():                 ^ D:\phpStudy\PHPTutorial\WWW\ThinkPHP\Library\Think\Template\TagLib.class.php 第 80 行.
NOTIC: [2] simplexml_load_string(): Entity: line 1: parser error : Couldn't find end of Start Tag tag line 1 D:\phpStudy\PHPTutorial\WWW\ThinkPHP\Library\Think\Template\TagLib.class.php 第 80 行.
NOTIC: [2] simplexml_load_string(): &lt;tpl&gt;&lt;tag start=1 end=2 /&gt;&lt;/tpl&gt; D:\phpStudy\PHPTutorial\WWW\ThinkPHP\Library\Think\Template\TagLib.class.php 第 80 行.
NOTIC: [2] simplexml_load_string():                 ^ D:\phpStudy\PHPTutorial\WWW\ThinkPHP\Library\Think\Template\TagLib.class.php 第 80 行.
ERR: XML标签语法错误 : start=1 end=2

[ 2019-03-03T11:10:03+08:00 ] 127.0.0.1 /shop/index.php/admin/cat/catelist
INFO: [ app_init ] --START--
INFO: Run Behavior\BuildLiteBehavior [ RunTime:0.000000s ]
INFO: [ app_init ] --END-- [ RunTime:0.000000s ]
INFO: [ app_begin ] --START--
INFO: Run Behavior\ReadHtmlCacheBehavior [ RunTime:0.000000s ]
INFO: [ app_begin ] --END-- [ RunTime:0.000000s ]
SQL: SHOW COLUMNS FROM `cat` [ RunTime:0.0100s ]
SQL: SELECT * FROM `cat`  [ RunTime:0.0000s ]
INFO: [ view_parse ] --START--
INFO: [ template_filter ] --START--
INFO: Run Behavior\ContentReplaceBehavior [ RunTime:0.000000s ]
INFO: [ template_filter ] --END-- [ RunTime:0.000000s ]
NOTIC: [8] Undefined index: lv D:\phpStudy\PHPTutorial\WWW\shop\Runtime\Cache\Admin\27d4c96070c9c5b16dcf99f56341c448.php 第 34 行.
NOTIC: [8] Undefined index: lv D:\phpStudy\PHPTutorial\WWW\shop\Runtime\Cache\Admin\27d4c96070c9c5b16dcf99f56341c448.php 第 34 行.
NOTIC: [8] Undefined index: lv D:\phpStudy\PHPTutorial\WWW\shop\Runtime\Cache\Admin\27d4c96070c9c5b16dcf99f56341c448.php 第 34 行.
NOTIC: [8] Undefined index: lv D:\phpStudy\PHPTutorial\WWW\shop\Runtime\Cache\Admin\27d4c96070c9c5b16dcf99f56341c448.php 第 34 行.
NOTIC: [8] Undefined index: lv D:\phpStudy\PHPTutorial\WWW\shop\Runtime\Cache\Admin\27d4c96070c9c5b16dcf99f56341c448.php 第 34 行.
NOTIC: [8] Undefined index: lv D:\phpStudy\PHPTutorial\WWW\shop\Runtime\Cache\Admin\27d4c96070c9c5b16dcf99f56341c448.php 第 34 行.
NOTIC: [8] Undefined index: lv D:\phpStudy\PHPTutorial\WWW\shop\Runtime\Cache\Admin\27d4c96070c9c5b16dcf99f56341c448.php 第 34 行.
NOTIC: [8] Undefined index: lv D:\phpStudy\PHPTutorial\WWW\shop\Runtime\Cache\Admin\27d4c96070c9c5b16dcf99f56341c448.php 第 34 行.
INFO: Run Behavior\ParseTemplateBehavior [ RunTime:0.030000s ]
INFO: [ view_parse ] --END-- [ RunTime:0.030000s ]
INFO: [ view_filter ] --START--
INFO: Run Behavior\WriteHtmlCacheBehavior [ RunTime:0.000000s ]
INFO: [ view_filter ] --END-- [ RunTime:0.000000s ]
INFO: [ app_end ] --START--
INFO: Run Behavior\ShowPageTraceBehavior [ RunTime:0.000000s ]
INFO: [ app_end ] --END-- [ RunTime:0.000000s ]

[ 2019-03-03T11:10:24+08:00 ] 127.0.0.1 /shop/index.php/admin/cat/catelist
INFO: [ app_init ] --START--
INFO: Run Behavior\BuildLiteBehavior [ RunTime:0.000000s ]
INFO: [ app_init ] --END-- [ RunTime:0.010000s ]
INFO: [ app_begin ] --START--
INFO: Run Behavior\ReadHtmlCacheBehavior [ RunTime:0.000000s ]
INFO: [ app_begin ] --END-- [ RunTime:0.000000s ]
SQL: SHOW COLUMNS FROM `cat` [ RunTime:0.0100s ]
SQL: SELECT * FROM `cat`  [ RunTime:0.0000s ]
INFO: [ view_parse ] --START--
INFO: [ template_filter ] --START--
INFO: Run Behavior\ContentReplaceBehavior [ RunTime:0.000000s ]
INFO: [ template_filter ] --END-- [ RunTime:0.000000s ]
NOTIC: [8] Undefined index: lv D:\phpStudy\PHPTutorial\WWW\shop\Runtime\Cache\Admin\27d4c96070c9c5b16dcf99f56341c448.php 第 34 行.
NOTIC: [8] Undefined index: lv D:\phpStudy\PHPTutorial\WWW\shop\Runtime\Cache\Admin\27d4c96070c9c5b16dcf99f56341c448.php 第 34 行.
NOTIC: [8] Undefined index: lv D:\phpStudy\PHPTutorial\WWW\shop\Runtime\Cache\Admin\27d4c96070c9c5b16dcf99f56341c448.php 第 34 行.
NOTIC: [8] Undefined index: lv D:\phpStudy\PHPTutorial\WWW\shop\Runtime\Cache\Admin\27d4c96070c9c5b16dcf99f56341c448.php 第 34 行.
NOTIC: [8] Undefined index: lv D:\phpStudy\PHPTutorial\WWW\shop\Runtime\Cache\Admin\27d4c96070c9c5b16dcf99f56341c448.php 第 34 行.
NOTIC: [8] Undefined index: lv D:\phpStudy\PHPTutorial\WWW\shop\Runtime\Cache\Admin\27d4c96070c9c5b16dcf99f56341c448.php 第 34 行.
NOTIC: [8] Undefined index: lv D:\phpStudy\PHPTutorial\WWW\shop\Runtime\Cache\Admin\27d4c96070c9c5b16dcf99f56341c448.php 第 34 行.
NOTIC: [8] Undefined index: lv D:\phpStudy\PHPTutorial\WWW\shop\Runtime\Cache\Admin\27d4c96070c9c5b16dcf99f56341c448.php 第 34 行.
INFO: Run Behavior\ParseTemplateBehavior [ RunTime:0.020000s ]
INFO: [ view_parse ] --END-- [ RunTime:0.020000s ]
INFO: [ view_filter ] --START--
INFO: Run Behavior\WriteHtmlCacheBehavior [ RunTime:0.000000s ]
INFO: [ view_filter ] --END-- [ RunTime:0.000000s ]
INFO: [ app_end ] --START--
INFO: Run Behavior\ShowPageTraceBehavior [ RunTime:0.010000s ]
INFO: [ app_end ] --END-- [ RunTime:0.010000s ]

[ 2019-03-03T11:10:37+08:00 ] 127.0.0.1 /shop/index.php/admin/cat/catelist
INFO: [ app_init ] --START--
INFO: Run Behavior\BuildLiteBehavior [ RunTime:0.000000s ]
INFO: [ app_init ] --END-- [ RunTime:0.000000s ]
INFO: [ app_begin ] --START--
INFO: Run Behavior\ReadHtmlCacheBehavior [ RunTime:0.000000s ]
INFO: [ app_begin ] --END-- [ RunTime:0.000000s ]
SQL: SHOW COLUMNS FROM `cat` [ RunTime:0.0100s ]
SQL: SELECT * FROM `cat`  [ RunTime:0.0000s ]
INFO: [ view_parse ] --START--
INFO: [ template_filter ] --START--
INFO: Run Behavior\ContentReplaceBehavior [ RunTime:0.000000s ]
INFO: [ template_filter ] --END-- [ RunTime:0.000000s ]
NOTIC: [8] Undefined index: lv D:\phpStudy\PHPTutorial\WWW\shop\Runtime\Cache\Admin\27d4c96070c9c5b16dcf99f56341c448.php 第 34 行.
NOTIC: [8] Undefined index: lv D:\phpStudy\PHPTutorial\WWW\shop\Runtime\Cache\Admin\27d4c96070c9c5b16dcf99f56341c448.php 第 34 行.
NOTIC: [8] Undefined index: lv D:\phpStudy\PHPTutorial\WWW\shop\Runtime\Cache\Admin\27d4c96070c9c5b16dcf99f56341c448.php 第 34 行.
NOTIC: [8] Undefined index: lv D:\phpStudy\PHPTutorial\WWW\shop\Runtime\Cache\Admin\27d4c96070c9c5b16dcf99f56341c448.php 第 34 行.
NOTIC: [8] Undefined index: lv D:\phpStudy\PHPTutorial\WWW\shop\Runtime\Cache\Admin\27d4c96070c9c5b16dcf99f56341c448.php 第 34 行.
NOTIC: [8] Undefined index: lv D:\phpStudy\PHPTutorial\WWW\shop\Runtime\Cache\Admin\27d4c96070c9c5b16dcf99f56341c448.php 第 34 行.
NOTIC: [8] Undefined index: lv D:\phpStudy\PHPTutorial\WWW\shop\Runtime\Cache\Admin\27d4c96070c9c5b16dcf99f56341c448.php 第 34 行.
NOTIC: [8] Undefined index: lv D:\phpStudy\PHPTutorial\WWW\shop\Runtime\Cache\Admin\27d4c96070c9c5b16dcf99f56341c448.php 第 34 行.
INFO: Run Behavior\ParseTemplateBehavior [ RunTime:0.030000s ]
INFO: [ view_parse ] --END-- [ RunTime:0.030000s ]
INFO: [ view_filter ] --START--
INFO: Run Behavior\WriteHtmlCacheBehavior [ RunTime:0.000000s ]
INFO: [ view_filter ] --END-- [ RunTime:0.000000s ]
INFO: [ app_end ] --START--
INFO: Run Behavior\ShowPageTraceBehavior [ RunTime:0.000000s ]
INFO: [ app_end ] --END-- [ RunTime:0.000000s ]

[ 2019-03-03T11:10:57+08:00 ] 127.0.0.1 /shop/index.php/admin/cat/catelist
INFO: [ app_init ] --START--
INFO: Run Behavior\BuildLiteBehavior [ RunTime:0.000000s ]
INFO: [ app_init ] --END-- [ RunTime:0.000000s ]
INFO: [ app_begin ] --START--
INFO: Run Behavior\ReadHtmlCacheBehavior [ RunTime:0.000000s ]
INFO: [ app_begin ] --END-- [ RunTime:0.000000s ]
SQL: SHOW COLUMNS FROM `cat` [ RunTime:0.0100s ]
SQL: SELECT * FROM `cat`  [ RunTime:0.0000s ]
INFO: [ view_parse ] --START--
INFO: [ template_filter ] --START--
INFO: Run Behavior\ContentReplaceBehavior [ RunTime:0.000000s ]
INFO: [ template_filter ] --END-- [ RunTime:0.000000s ]

[ 2019-03-03T11:11:08+08:00 ] 127.0.0.1 /shop/index.php/admin/cat/catelist
INFO: [ app_init ] --START--
INFO: Run Behavior\BuildLiteBehavior [ RunTime:0.000000s ]
INFO: [ app_init ] --END-- [ RunTime:0.000000s ]
INFO: [ app_begin ] --START--
INFO: Run Behavior\ReadHtmlCacheBehavior [ RunTime:0.010000s ]
INFO: [ app_begin ] --END-- [ RunTime:0.010000s ]
SQL: SHOW COLUMNS FROM `cat` [ RunTime:0.0100s ]
SQL: SELECT * FROM `cat`  [ RunTime:0.0000s ]
INFO: [ view_parse ] --START--
NOTIC: [2] simplexml_load_string(): Entity: line 1: parser error : AttValue: &quot; or ' expected D:\phpStudy\PHPTutorial\WWW\ThinkPHP\Library\Think\Template\TagLib.class.php 第 80 行.
NOTIC: [2] simplexml_load_string(): &lt;tpl&gt;&lt;tag start='0' end={$cat.lev} /&gt;&lt;/tpl&gt; D:\phpStudy\PHPTutorial\WWW\ThinkPHP\Library\Think\Template\TagLib.class.php 第 80 行.
NOTIC: [2] simplexml_load_string():                         ^ D:\phpStudy\PHPTutorial\WWW\ThinkPHP\Library\Think\Template\TagLib.class.php 第 80 行.
NOTIC: [2] simplexml_load_string(): Entity: line 1: parser error : attributes construct error D:\phpStudy\PHPTutorial\WWW\ThinkPHP\Library\Think\Template\TagLib.class.php 第 80 行.
NOTIC: [2] simplexml_load_string(): &lt;tpl&gt;&lt;tag start='0' end={$cat.lev} /&gt;&lt;/tpl&gt; D:\phpStudy\PHPTutorial\WWW\ThinkPHP\Library\Think\Template\TagLib.class.php 第 80 行.
NOTIC: [2] simplexml_load_string():                         ^ D:\phpStudy\PHPTutorial\WWW\ThinkPHP\Library\Think\Template\TagLib.class.php 第 80 行.
NOTIC: [2] simplexml_load_string(): Entity: line 1: parser error : Couldn't find end of Start Tag tag line 1 D:\phpStudy\PHPTutorial\WWW\ThinkPHP\Library\Think\Template\TagLib.class.php 第 80 行.
NOTIC: [2] simplexml_load_string(): &lt;tpl&gt;&lt;tag start='0' end={$cat.lev} /&gt;&lt;/tpl&gt; D:\phpStudy\PHPTutorial\WWW\ThinkPHP\Library\Think\Template\TagLib.class.php 第 80 行.
NOTIC: [2] simplexml_load_string():                         ^ D:\phpStudy\PHPTutorial\WWW\ThinkPHP\Library\Think\Template\TagLib.class.php 第 80 行.
ERR: XML标签语法错误 : start='0' end={$cat.lev}

[ 2019-03-03T11:13:09+08:00 ] 127.0.0.1 /shop/index.php/admin/cat/catelist
INFO: [ app_init ] --START--
INFO: Run Behavior\BuildLiteBehavior [ RunTime:0.000000s ]
INFO: [ app_init ] --END-- [ RunTime:0.000000s ]
INFO: [ app_begin ] --START--
INFO: Run Behavior\ReadHtmlCacheBehavior [ RunTime:0.000000s ]
INFO: [ app_begin ] --END-- [ RunTime:0.000000s ]
SQL: SHOW COLUMNS FROM `cat` [ RunTime:0.0100s ]
SQL: SELECT * FROM `cat`  [ RunTime:0.0000s ]
INFO: [ app_end ] --START--
INFO: Run Behavior\ShowPageTraceBehavior [ RunTime:0.010000s ]
INFO: [ app_end ] --END-- [ RunTime:0.010000s ]

[ 2019-03-03T11:13:25+08:00 ] 127.0.0.1 /shop/index.php/admin/cat/catelist
INFO: [ app_init ] --START--
INFO: Run Behavior\BuildLiteBehavior [ RunTime:0.000000s ]
INFO: [ app_init ] --END-- [ RunTime:0.000000s ]
INFO: [ app_begin ] --START--
INFO: Run Behavior\ReadHtmlCacheBehavior [ RunTime:0.001000s ]
INFO: [ app_begin ] --END-- [ RunTime:0.002000s ]
SQL: SHOW COLUMNS FROM `cat` [ RunTime:0.0100s ]
SQL: SELECT * FROM `cat`  [ RunTime:0.0000s ]
INFO: [ app_end ] --START--
INFO: Run Behavior\ShowPageTraceBehavior [ RunTime:0.000000s ]
INFO: [ app_end ] --END-- [ RunTime:0.000000s ]

[ 2019-03-03T11:14:00+08:00 ] 127.0.0.1 /shop/index.php/admin/cat/catelist
INFO: [ app_init ] --START--
INFO: Run Behavior\BuildLiteBehavior [ RunTime:0.000000s ]
INFO: [ app_init ] --END-- [ RunTime:0.000000s ]
INFO: [ app_begin ] --START--
INFO: Run Behavior\ReadHtmlCacheBehavior [ RunTime:0.000000s ]
INFO: [ app_begin ] --END-- [ RunTime:0.000000s ]
SQL: SHOW COLUMNS FROM `cat` [ RunTime:0.0100s ]
SQL: SELECT * FROM `cat`  [ RunTime:0.0000s ]
INFO: [ view_parse ] --START--
NOTIC: [2] simplexml_load_string(): Entity: line 1: parser error : AttValue: &quot; or ' expected D:\phpStudy\PHPTutorial\WWW\ThinkPHP\Library\Think\Template\TagLib.class.php 第 80 行.
NOTIC: [2] simplexml_load_string(): &lt;tpl&gt;&lt;tag start='0' end={$cat.lev} /&gt;&lt;/tpl&gt; D:\phpStudy\PHPTutorial\WWW\ThinkPHP\Library\Think\Template\TagLib.class.php 第 80 行.
NOTIC: [2] simplexml_load_string():                         ^ D:\phpStudy\PHPTutorial\WWW\ThinkPHP\Library\Think\Template\TagLib.class.php 第 80 行.
NOTIC: [2] simplexml_load_string(): Entity: line 1: parser error : attributes construct error D:\phpStudy\PHPTutorial\WWW\ThinkPHP\Library\Think\Template\TagLib.class.php 第 80 行.
NOTIC: [2] simplexml_load_string(): &lt;tpl&gt;&lt;tag start='0' end={$cat.lev} /&gt;&lt;/tpl&gt; D:\phpStudy\PHPTutorial\WWW\ThinkPHP\Library\Think\Template\TagLib.class.php 第 80 行.
NOTIC: [2] simplexml_load_string():                         ^ D:\phpStudy\PHPTutorial\WWW\ThinkPHP\Library\Think\Template\TagLib.class.php 第 80 行.
NOTIC: [2] simplexml_load_string(): Entity: line 1: parser error : Couldn't find end of Start Tag tag line 1 D:\phpStudy\PHPTutorial\WWW\ThinkPHP\Library\Think\Template\TagLib.class.php 第 80 行.
NOTIC: [2] simplexml_load_string(): &lt;tpl&gt;&lt;tag start='0' end={$cat.lev} /&gt;&lt;/tpl&gt; D:\phpStudy\PHPTutorial\WWW\ThinkPHP\Library\Think\Template\TagLib.class.php 第 80 行.
NOTIC: [2] simplexml_load_string():                         ^ D:\phpStudy\PHPTutorial\WWW\ThinkPHP\Library\Think\Template\TagLib.class.php 第 80 行.
ERR: XML标签语法错误 : start='0' end={$cat.lev}

[ 2019-03-03T11:18:45+08:00 ] 127.0.0.1 /shop/index.php/admin/cat/catelist
INFO: [ app_init ] --START--
INFO: Run Behavior\BuildLiteBehavior [ RunTime:0.000000s ]
INFO: [ app_init ] --END-- [ RunTime:0.000000s ]
INFO: [ app_begin ] --START--
INFO: Run Behavior\ReadHtmlCacheBehavior [ RunTime:0.000000s ]
INFO: [ app_begin ] --END-- [ RunTime:0.000000s ]
SQL: SHOW COLUMNS FROM `cat` [ RunTime:0.0100s ]
SQL: SELECT * FROM `cat`  [ RunTime:0.0000s ]
INFO: [ view_parse ] --START--
INFO: [ template_filter ] --START--
INFO: Run Behavior\ContentReplaceBehavior [ RunTime:0.000000s ]
INFO: [ template_filter ] --END-- [ RunTime:0.000000s ]

[ 2019-03-03T11:19:08+08:00 ] 127.0.0.1 /shop/index.php/admin/cat/catelist
INFO: [ app_init ] --START--
INFO: Run Behavior\BuildLiteBehavior [ RunTime:0.000000s ]
INFO: [ app_init ] --END-- [ RunTime:0.000000s ]
INFO: [ app_begin ] --START--
INFO: Run Behavior\ReadHtmlCacheBehavior [ RunTime:0.000000s ]
INFO: [ app_begin ] --END-- [ RunTime:0.000000s ]
SQL: SHOW COLUMNS FROM `cat` [ RunTime:0.0100s ]
SQL: SELECT * FROM `cat`  [ RunTime:0.0000s ]
INFO: [ view_parse ] --START--
INFO: [ template_filter ] --START--
INFO: Run Behavior\ContentReplaceBehavior [ RunTime:0.000000s ]
INFO: [ template_filter ] --END-- [ RunTime:0.000000s ]
NOTIC: [8] Undefined index: lv D:\phpStudy\PHPTutorial\WWW\shop\Runtime\Cache\Admin\27d4c96070c9c5b16dcf99f56341c448.php 第 34 行.
NOTIC: [8] Undefined index: lv D:\phpStudy\PHPTutorial\WWW\shop\Runtime\Cache\Admin\27d4c96070c9c5b16dcf99f56341c448.php 第 34 行.
NOTIC: [8] Undefined index: lv D:\phpStudy\PHPTutorial\WWW\shop\Runtime\Cache\Admin\27d4c96070c9c5b16dcf99f56341c448.php 第 34 行.
NOTIC: [8] Undefined index: lv D:\phpStudy\PHPTutorial\WWW\shop\Runtime\Cache\Admin\27d4c96070c9c5b16dcf99f56341c448.php 第 34 行.
NOTIC: [8] Undefined index: lv D:\phpStudy\PHPTutorial\WWW\shop\Runtime\Cache\Admin\27d4c96070c9c5b16dcf99f56341c448.php 第 34 行.
NOTIC: [8] Undefined index: lv D:\phpStudy\PHPTutorial\WWW\shop\Runtime\Cache\Admin\27d4c96070c9c5b16dcf99f56341c448.php 第 34 行.
NOTIC: [8] Undefined index: lv D:\phpStudy\PHPTutorial\WWW\shop\Runtime\Cache\Admin\27d4c96070c9c5b16dcf99f56341c448.php 第 34 行.
NOTIC: [8] Undefined index: lv D:\phpStudy\PHPTutorial\WWW\shop\Runtime\Cache\Admin\27d4c96070c9c5b16dcf99f56341c448.php 第 34 行.
INFO: Run Behavior\ParseTemplateBehavior [ RunTime:0.030001s ]
INFO: [ view_parse ] --END-- [ RunTime:0.030001s ]
INFO: [ view_filter ] --START--
INFO: Run Behavior\WriteHtmlCacheBehavior [ RunTime:0.000000s ]
INFO: [ view_filter ] --END-- [ RunTime:0.000000s ]
INFO: [ app_end ] --START--
INFO: Run Behavior\ShowPageTraceBehavior [ RunTime:0.010000s ]
INFO: [ app_end ] --END-- [ RunTime:0.010000s ]

[ 2019-03-03T11:23:19+08:00 ] 127.0.0.1 /shop/index.php/admin/cat/catelist
INFO: [ app_init ] --START--
INFO: Run Behavior\BuildLiteBehavior [ RunTime:0.000000s ]
INFO: [ app_init ] --END-- [ RunTime:0.000000s ]
INFO: [ app_begin ] --START--
INFO: Run Behavior\ReadHtmlCacheBehavior [ RunTime:0.000000s ]
INFO: [ app_begin ] --END-- [ RunTime:0.000000s ]
SQL: SHOW COLUMNS FROM `cat` [ RunTime:0.0100s ]
SQL: SELECT * FROM `cat`  [ RunTime:0.0000s ]
INFO: [ view_parse ] --START--
NOTIC: [2] simplexml_load_string(): Entity: line 1: parser error : AttValue: &quot; or ' expected D:\phpStudy\PHPTutorial\WWW\ThinkPHP\Library\Think\Template\TagLib.class.php 第 80 行.
NOTIC: [2] simplexml_load_string(): &lt;tpl&gt;&lt;tag start='0' end={$cat.lev} /&gt;&lt;/tpl&gt; D:\phpStudy\PHPTutorial\WWW\ThinkPHP\Library\Think\Template\TagLib.class.php 第 80 行.
NOTIC: [2] simplexml_load_string():                         ^ D:\phpStudy\PHPTutorial\WWW\ThinkPHP\Library\Think\Template\TagLib.class.php 第 80 行.
NOTIC: [2] simplexml_load_string(): Entity: line 1: parser error : attributes construct error D:\phpStudy\PHPTutorial\WWW\ThinkPHP\Library\Think\Template\TagLib.class.php 第 80 行.
NOTIC: [2] simplexml_load_string(): &lt;tpl&gt;&lt;tag start='0' end={$cat.lev} /&gt;&lt;/tpl&gt; D:\phpStudy\PHPTutorial\WWW\ThinkPHP\Library\Think\Template\TagLib.class.php 第 80 行.
NOTIC: [2] simplexml_load_string():                         ^ D:\phpStudy\PHPTutorial\WWW\ThinkPHP\Library\Think\Template\TagLib.class.php 第 80 行.
NOTIC: [2] simplexml_load_string(): Entity: line 1: parser error : Couldn't find end of Start Tag tag line 1 D:\phpStudy\PHPTutorial\WWW\ThinkPHP\Library\Think\Template\TagLib.class.php 第 80 行.
NOTIC: [2] simplexml_load_string(): &lt;tpl&gt;&lt;tag start='0' end={$cat.lev} /&gt;&lt;/tpl&gt; D:\phpStudy\PHPTutorial\WWW\ThinkPHP\Library\Think\Template\TagLib.class.php 第 80 行.
NOTIC: [2] simplexml_load_string():                         ^ D:\phpStudy\PHPTutorial\WWW\ThinkPHP\Library\Think\Template\TagLib.class.php 第 80 行.
ERR: XML标签语法错误 : start='0' end={$cat.lev}

[ 2019-03-03T11:27:42+08:00 ] ::1 /shop/index.php/admin/cat/catelist
INFO: [ app_init ] --START--
INFO: Run Behavior\BuildLiteBehavior [ RunTime:0.000000s ]
INFO: [ app_init ] --END-- [ RunTime:0.000000s ]
INFO: [ app_begin ] --START--
INFO: Run Behavior\ReadHtmlCacheBehavior [ RunTime:0.000000s ]
INFO: [ app_begin ] --END-- [ RunTime:0.000000s ]
SQL: SHOW COLUMNS FROM `cat` [ RunTime:0.0100s ]
SQL: SELECT * FROM `cat`  [ RunTime:0.0000s ]
INFO: [ view_parse ] --START--
INFO: [ template_filter ] --START--
INFO: Run Behavior\ContentReplaceBehavior [ RunTime:0.000000s ]
INFO: [ template_filter ] --END-- [ RunTime:0.000000s ]

[ 2019-03-03T11:27:55+08:00 ] ::1 /shop/index.php/admin/cat/catelist
INFO: [ app_init ] --START--
INFO: Run Behavior\BuildLiteBehavior [ RunTime:0.000000s ]
INFO: [ app_init ] --END-- [ RunTime:0.000000s ]
INFO: [ app_begin ] --START--
INFO: Run Behavior\ReadHtmlCacheBehavior [ RunTime:0.010000s ]
INFO: [ app_begin ] --END-- [ RunTime:0.010000s ]
SQL: SHOW COLUMNS FROM `cat` [ RunTime:0.0100s ]
SQL: SELECT * FROM `cat`  [ RunTime:0.0000s ]
INFO: [ view_parse ] --START--
INFO: [ template_filter ] --START--
INFO: Run Behavior\ContentReplaceBehavior [ RunTime:0.000000s ]
INFO: [ template_filter ] --END-- [ RunTime:0.000000s ]

[ 2019-03-03T11:28:21+08:00 ] ::1 /shop/index.php/admin/cat/catelist
INFO: [ app_init ] --START--
INFO: Run Behavior\BuildLiteBehavior [ RunTime:0.000000s ]
INFO: [ app_init ] --END-- [ RunTime:0.000000s ]
INFO: [ app_begin ] --START--
INFO: Run Behavior\ReadHtmlCacheBehavior [ RunTime:0.000000s ]
INFO: [ app_begin ] --END-- [ RunTime:0.000000s ]
SQL: SHOW COLUMNS FROM `cat` [ RunTime:0.0100s ]
SQL: SELECT * FROM `cat`  [ RunTime:0.0000s ]
INFO: [ view_parse ] --START--
INFO: [ template_filter ] --START--
INFO: Run Behavior\ContentReplaceBehavior [ RunTime:0.000000s ]
INFO: [ template_filter ] --END-- [ RunTime:0.000000s ]

[ 2019-03-03T11:28:41+08:00 ] ::1 /shop/index.php/admin/cat/catelist
INFO: [ app_init ] --START--
INFO: Run Behavior\BuildLiteBehavior [ RunTime:0.000000s ]
INFO: [ app_init ] --END-- [ RunTime:0.010000s ]
INFO: [ app_begin ] --START--
INFO: Run Behavior\ReadHtmlCacheBehavior [ RunTime:0.000000s ]
INFO: [ app_begin ] --END-- [ RunTime:0.000000s ]
SQL: SHOW COLUMNS FROM `cat` [ RunTime:0.0100s ]
SQL: SELECT * FROM `cat`  [ RunTime:0.0000s ]
INFO: [ view_parse ] --START--
INFO: [ template_filter ] --START--
INFO: Run Behavior\ContentReplaceBehavior [ RunTime:0.000000s ]
INFO: [ template_filter ] --END-- [ RunTime:0.010000s ]

[ 2019-03-03T11:30:21+08:00 ] ::1 /shop/index.php/admin/cat/catelist
INFO: [ app_init ] --START--
INFO: Run Behavior\BuildLiteBehavior [ RunTime:0.000000s ]
INFO: [ app_init ] --END-- [ RunTime:0.000000s ]
INFO: [ app_begin ] --START--
INFO: Run Behavior\ReadHtmlCacheBehavior [ RunTime:0.000000s ]
INFO: [ app_begin ] --END-- [ RunTime:0.000000s ]
SQL: SHOW COLUMNS FROM `cat` [ RunTime:0.0100s ]
SQL: SELECT * FROM `cat`  [ RunTime:0.0000s ]
INFO: [ view_parse ] --START--
INFO: [ template_filter ] --START--
INFO: Run Behavior\ContentReplaceBehavior [ RunTime:0.000000s ]
INFO: [ template_filter ] --END-- [ RunTime:0.000000s ]

[ 2019-03-03T11:31:01+08:00 ] ::1 /shop/index.php/admin/cat/catelist
INFO: [ app_init ] --START--
INFO: Run Behavior\BuildLiteBehavior [ RunTime:0.000000s ]
INFO: [ app_init ] --END-- [ RunTime:0.000000s ]
INFO: [ app_begin ] --START--
INFO: Run Behavior\ReadHtmlCacheBehavior [ RunTime:0.010000s ]
INFO: [ app_begin ] --END-- [ RunTime:0.010000s ]
SQL: SHOW COLUMNS FROM `cat` [ RunTime:0.0100s ]
SQL: SELECT * FROM `cat`  [ RunTime:0.0000s ]
INFO: [ view_parse ] --START--
INFO: [ template_filter ] --START--
INFO: Run Behavior\ContentReplaceBehavior [ RunTime:0.000000s ]
INFO: [ template_filter ] --END-- [ RunTime:0.000000s ]

[ 2019-03-03T11:31:03+08:00 ] ::1 /shop/index.php/admin/cat/catelist
INFO: [ app_init ] --START--
INFO: Run Behavior\BuildLiteBehavior [ RunTime:0.000000s ]
INFO: [ app_init ] --END-- [ RunTime:0.000000s ]
INFO: [ app_begin ] --START--
INFO: Run Behavior\ReadHtmlCacheBehavior [ RunTime:0.000000s ]
INFO: [ app_begin ] --END-- [ RunTime:0.000000s ]
SQL: SHOW COLUMNS FROM `cat` [ RunTime:0.0100s ]
SQL: SELECT * FROM `cat`  [ RunTime:0.0000s ]
INFO: [ view_parse ] --START--
INFO: [ template_filter ] --START--
INFO: Run Behavior\ContentReplaceBehavior [ RunTime:0.000000s ]
INFO: [ template_filter ] --END-- [ RunTime:0.000000s ]

[ 2019-03-03T11:52:34+08:00 ] ::1 /shop/index.php/admin/cat/cateadd
INFO: [ app_init ] --START--
INFO: Run Behavior\BuildLiteBehavior [ RunTime:0.000000s ]
INFO: [ app_init ] --END-- [ RunTime:0.001000s ]
INFO: [ app_begin ] --START--
INFO: Run Behavior\ReadHtmlCacheBehavior [ RunTime:0.001000s ]
INFO: [ app_begin ] --END-- [ RunTime:0.002000s ]
SQL: SHOW COLUMNS FROM `cat` [ RunTime:0.0130s ]
SQL: SELECT * FROM `cat`  [ RunTime:0.0010s ]
INFO: [ view_parse ] --START--
INFO: [ template_filter ] --START--
INFO: Run Behavior\ContentReplaceBehavior [ RunTime:0.000000s ]
INFO: [ template_filter ] --END-- [ RunTime:0.000000s ]
INFO: Run Behavior\ParseTemplateBehavior [ RunTime:0.126007s ]
INFO: [ view_parse ] --END-- [ RunTime:0.126007s ]
INFO: [ view_filter ] --START--
INFO: Run Behavior\WriteHtmlCacheBehavior [ RunTime:0.002001s ]
INFO: [ view_filter ] --END-- [ RunTime:0.002001s ]
INFO: [ app_end ] --START--
INFO: Run Behavior\ShowPageTraceBehavior [ RunTime:0.003000s ]
INFO: [ app_end ] --END-- [ RunTime:0.003000s ]

[ 2019-03-03T11:52:39+08:00 ] ::1 /shop/index.php/admin/cat/catelist
INFO: [ app_init ] --START--
INFO: Run Behavior\BuildLiteBehavior [ RunTime:0.000000s ]
INFO: [ app_init ] --END-- [ RunTime:0.002000s ]
INFO: [ app_begin ] --START--
INFO: Run Behavior\ReadHtmlCacheBehavior [ RunTime:0.003000s ]
INFO: [ app_begin ] --END-- [ RunTime:0.003000s ]
SQL: SHOW COLUMNS FROM `cat` [ RunTime:0.0120s ]
SQL: SELECT * FROM `cat`  [ RunTime:0.0010s ]
INFO: [ view_parse ] --START--
INFO: [ template_filter ] --START--
INFO: Run Behavior\ContentReplaceBehavior [ RunTime:0.000000s ]
INFO: [ template_filter ] --END-- [ RunTime:0.000000s ]
INFO: Run Behavior\ParseTemplateBehavior [ RunTime:0.029001s ]
INFO: [ view_parse ] --END-- [ RunTime:0.029001s ]
INFO: [ view_filter ] --START--
INFO: Run Behavior\WriteHtmlCacheBehavior [ RunTime:0.004001s ]
INFO: [ view_filter ] --END-- [ RunTime:0.004001s ]
INFO: [ app_end ] --START--
INFO: Run Behavior\ShowPageTraceBehavior [ RunTime:0.003000s ]
INFO: [ app_end ] --END-- [ RunTime:0.003000s ]

[ 2019-03-03T11:54:08+08:00 ] ::1 /shop/index.php/admin/cat/cateadd
INFO: [ app_init ] --START--
INFO: Run Behavior\BuildLiteBehavior [ RunTime:0.000000s ]
INFO: [ app_init ] --END-- [ RunTime:0.001000s ]
INFO: [ app_begin ] --START--
INFO: Run Behavior\ReadHtmlCacheBehavior [ RunTime:0.001000s ]
INFO: [ app_begin ] --END-- [ RunTime:0.001000s ]
SQL: SHOW COLUMNS FROM `cat` [ RunTime:0.0140s ]
SQL: SELECT * FROM `cat`  [ RunTime:0.0010s ]
INFO: [ view_parse ] --START--
INFO: [ template_filter ] --START--
INFO: Run Behavior\ContentReplaceBehavior [ RunTime:0.000000s ]
INFO: [ template_filter ] --END-- [ RunTime:0.000000s ]
INFO: Run Behavior\ParseTemplateBehavior [ RunTime:0.023001s ]
INFO: [ view_parse ] --END-- [ RunTime:0.023001s ]
INFO: [ view_filter ] --START--
INFO: Run Behavior\WriteHtmlCacheBehavior [ RunTime:0.002000s ]
INFO: [ view_filter ] --END-- [ RunTime:0.002000s ]
INFO: [ app_end ] --START--
INFO: Run Behavior\ShowPageTraceBehavior [ RunTime:0.003001s ]
INFO: [ app_end ] --END-- [ RunTime:0.003001s ]

[ 2019-03-03T11:59:04+08:00 ] ::1 /shop/index.php/admin/cat/cateadd
INFO: [ app_init ] --START--
INFO: Run Behavior\BuildLiteBehavior [ RunTime:0.000000s ]
INFO: [ app_init ] --END-- [ RunTime:0.000000s ]
INFO: [ app_begin ] --START--
INFO: Run Behavior\ReadHtmlCacheBehavior [ RunTime:0.001000s ]
INFO: [ app_begin ] --END-- [ RunTime:0.001000s ]
SQL: SHOW COLUMNS FROM `cat` [ RunTime:0.0180s ]
SQL: SELECT * FROM `cat`  [ RunTime:0.0010s ]
SQL: SELECT * FROM `cat`  [ RunTime:0.0010s ]
INFO: [ view_parse ] --START--
INFO: [ template_filter ] --START--
INFO: Run Behavior\ContentReplaceBehavior [ RunTime:0.001000s ]
INFO: [ template_filter ] --END-- [ RunTime:0.001000s ]
INFO: Run Behavior\ParseTemplateBehavior [ RunTime:0.025001s ]
INFO: [ view_parse ] --END-- [ RunTime:0.026001s ]
INFO: [ view_filter ] --START--
INFO: Run Behavior\WriteHtmlCacheBehavior [ RunTime:0.001000s ]
INFO: [ view_filter ] --END-- [ RunTime:0.001000s ]
INFO: [ app_end ] --START--
INFO: Run Behavior\ShowPageTraceBehavior [ RunTime:0.003001s ]
INFO: [ app_end ] --END-- [ RunTime:0.004001s ]

[ 2019-03-03T11:59:43+08:00 ] ::1 /shop/index.php/admin/cat/cateadd
INFO: [ app_init ] --START--
INFO: Run Behavior\BuildLiteBehavior [ RunTime:0.000000s ]
INFO: [ app_init ] --END-- [ RunTime:0.001000s ]
INFO: [ app_begin ] --START--
INFO: Run Behavior\ReadHtmlCacheBehavior [ RunTime:0.001000s ]
INFO: [ app_begin ] --END-- [ RunTime:0.001000s ]
SQL: SHOW COLUMNS FROM `cat` [ RunTime:0.0140s ]
SQL: SELECT * FROM `cat`  [ RunTime:0.0020s ]
INFO: [ view_parse ] --START--
INFO: [ template_filter ] --START--
INFO: Run Behavior\ContentReplaceBehavior [ RunTime:0.000000s ]
INFO: [ template_filter ] --END-- [ RunTime:0.000000s ]
INFO: Run Behavior\ParseTemplateBehavior [ RunTime:0.026002s ]
INFO: [ view_parse ] --END-- [ RunTime:0.026002s ]
INFO: [ view_filter ] --START--
INFO: Run Behavior\WriteHtmlCacheBehavior [ RunTime:0.002000s ]
INFO: [ view_filter ] --END-- [ RunTime:0.002000s ]
INFO: [ app_end ] --START--
INFO: Run Behavior\ShowPageTraceBehavior [ RunTime:0.002000s ]
INFO: [ app_end ] --END-- [ RunTime:0.002000s ]

[ 2019-03-03T12:00:51+08:00 ] ::1 /shop/index.php/admin/cat/cateadd
INFO: [ app_init ] --START--
INFO: Run Behavior\BuildLiteBehavior [ RunTime:0.000000s ]
INFO: [ app_init ] --END-- [ RunTime:0.001000s ]
INFO: [ app_begin ] --START--
INFO: Run Behavior\ReadHtmlCacheBehavior [ RunTime:0.001000s ]
INFO: [ app_begin ] --END-- [ RunTime:0.002000s ]
SQL: SHOW COLUMNS FROM `cat` [ RunTime:0.0130s ]
SQL: SELECT * FROM `cat`  [ RunTime:0.0010s ]
INFO: [ view_parse ] --START--
INFO: [ template_filter ] --START--
INFO: Run Behavior\ContentReplaceBehavior [ RunTime:0.000000s ]
INFO: [ template_filter ] --END-- [ RunTime:0.000000s ]
INFO: Run Behavior\ParseTemplateBehavior [ RunTime:0.025002s ]
INFO: [ view_parse ] --END-- [ RunTime:0.025002s ]
INFO: [ view_filter ] --START--
INFO: Run Behavior\WriteHtmlCacheBehavior [ RunTime:0.001000s ]
INFO: [ view_filter ] --END-- [ RunTime:0.001000s ]
INFO: [ app_end ] --START--
INFO: Run Behavior\ShowPageTraceBehavior [ RunTime:0.003000s ]
INFO: [ app_end ] --END-- [ RunTime:0.003000s ]

[ 2019-03-03T12:01:05+08:00 ] ::1 /shop/index.php/admin/cat/cateadd
INFO: [ app_init ] --START--
INFO: Run Behavior\BuildLiteBehavior [ RunTime:0.000000s ]
INFO: [ app_init ] --END-- [ RunTime:0.001000s ]
INFO: [ app_begin ] --START--
INFO: Run Behavior\ReadHtmlCacheBehavior [ RunTime:0.002000s ]
INFO: [ app_begin ] --END-- [ RunTime:0.002000s ]
SQL: SHOW COLUMNS FROM `cat` [ RunTime:0.0140s ]
SQL: SELECT * FROM `cat`  [ RunTime:0.0020s ]
INFO: [ view_parse ] --START--
INFO: [ template_filter ] --START--
INFO: Run Behavior\ContentReplaceBehavior [ RunTime:0.000000s ]
INFO: [ template_filter ] --END-- [ RunTime:0.000000s ]
INFO: Run Behavior\ParseTemplateBehavior [ RunTime:0.025002s ]
INFO: [ view_parse ] --END-- [ RunTime:0.025002s ]
INFO: [ view_filter ] --START--
INFO: Run Behavior\WriteHtmlCacheBehavior [ RunTime:0.001000s ]
INFO: [ view_filter ] --END-- [ RunTime:0.001000s ]
INFO: [ app_end ] --START--
INFO: Run Behavior\ShowPageTraceBehavior [ RunTime:0.003000s ]
INFO: [ app_end ] --END-- [ RunTime:0.003000s ]

[ 2019-03-03T12:01:24+08:00 ] ::1 /shop/index.php/admin/cat/cateadd
INFO: [ app_init ] --START--
INFO: Run Behavior\BuildLiteBehavior [ RunTime:0.000000s ]
INFO: [ app_init ] --END-- [ RunTime:0.001001s ]
INFO: [ app_begin ] --START--
INFO: Run Behavior\ReadHtmlCacheBehavior [ RunTime:0.001000s ]
INFO: [ app_begin ] --END-- [ RunTime:0.001000s ]
SQL: SHOW COLUMNS FROM `cat` [ RunTime:0.0160s ]
SQL: SELECT * FROM `cat`  [ RunTime:0.0020s ]
INFO: [ view_parse ] --START--
INFO: [ template_filter ] --START--
INFO: Run Behavior\ContentReplaceBehavior [ RunTime:0.000000s ]
INFO: [ template_filter ] --END-- [ RunTime:0.000000s ]
INFO: Run Behavior\ParseTemplateBehavior [ RunTime:0.026002s ]
INFO: [ view_parse ] --END-- [ RunTime:0.027002s ]
INFO: [ view_filter ] --START--
INFO: Run Behavior\WriteHtmlCacheBehavior [ RunTime:0.002000s ]
INFO: [ view_filter ] --END-- [ RunTime:0.002000s ]
INFO: [ app_end ] --START--
INFO: Run Behavior\ShowPageTraceBehavior [ RunTime:0.002000s ]
INFO: [ app_end ] --END-- [ RunTime:0.003000s ]

[ 2019-03-03T12:01:38+08:00 ] ::1 /shop/index.php/admin/cat/cateadd
INFO: [ app_init ] --START--
INFO: Run Behavior\BuildLiteBehavior [ RunTime:0.000000s ]
INFO: [ app_init ] --END-- [ RunTime:0.001000s ]
INFO: [ app_begin ] --START--
INFO: Run Behavior\ReadHtmlCacheBehavior [ RunTime:0.001000s ]
INFO: [ app_begin ] --END-- [ RunTime:0.002000s ]
SQL: SHOW COLUMNS FROM `cat` [ RunTime:0.0130s ]
SQL: SELECT * FROM `cat`  [ RunTime:0.0010s ]
INFO: [ view_parse ] --START--
INFO: [ template_filter ] --START--
INFO: Run Behavior\ContentReplaceBehavior [ RunTime:0.000000s ]
INFO: [ template_filter ] --END-- [ RunTime:0.000000s ]
INFO: Run Behavior\ParseTemplateBehavior [ RunTime:0.025001s ]
INFO: [ view_parse ] --END-- [ RunTime:0.025001s ]
INFO: [ view_filter ] --START--
INFO: Run Behavior\WriteHtmlCacheBehavior [ RunTime:0.001000s ]
INFO: [ view_filter ] --END-- [ RunTime:0.002000s ]
INFO: [ app_end ] --START--
INFO: Run Behavior\ShowPageTraceBehavior [ RunTime:0.002000s ]
INFO: [ app_end ] --END-- [ RunTime:0.003000s ]

[ 2019-03-03T12:01:52+08:00 ] ::1 /shop/index.php/admin/cat/cateadd
INFO: [ app_init ] --START--
INFO: Run Behavior\BuildLiteBehavior [ RunTime:0.000000s ]
INFO: [ app_init ] --END-- [ RunTime:0.001000s ]
INFO: [ app_begin ] --START--
INFO: Run Behavior\ReadHtmlCacheBehavior [ RunTime:0.001000s ]
INFO: [ app_begin ] --END-- [ RunTime:0.001000s ]
SQL: SHOW COLUMNS FROM `cat` [ RunTime:0.0130s ]
SQL: SELECT * FROM `cat`  [ RunTime:0.0010s ]
INFO: [ view_parse ] --START--
INFO: [ template_filter ] --START--
INFO: Run Behavior\ContentReplaceBehavior [ RunTime:0.000000s ]
INFO: [ template_filter ] --END-- [ RunTime:0.001000s ]
INFO: Run Behavior\ParseTemplateBehavior [ RunTime:0.024001s ]
INFO: [ view_parse ] --END-- [ RunTime:0.025001s ]
INFO: [ view_filter ] --START--
INFO: Run Behavior\WriteHtmlCacheBehavior [ RunTime:0.002000s ]
INFO: [ view_filter ] --END-- [ RunTime:0.002000s ]
INFO: [ app_end ] --START--
INFO: Run Behavior\ShowPageTraceBehavior [ RunTime:0.003000s ]
INFO: [ app_end ] --END-- [ RunTime:0.003000s ]

[ 2019-03-03T12:02:11+08:00 ] ::1 /shop/index.php/admin/cat/cateadd
INFO: [ app_init ] --START--
INFO: Run Behavior\BuildLiteBehavior [ RunTime:0.000000s ]
INFO: [ app_init ] --END-- [ RunTime:0.001000s ]
INFO: [ app_begin ] --START--
INFO: Run Behavior\ReadHtmlCacheBehavior [ RunTime:0.001000s ]
INFO: [ app_begin ] --END-- [ RunTime:0.001000s ]
SQL: SHOW COLUMNS FROM `cat` [ RunTime:0.0130s ]
SQL: SELECT * FROM `cat`  [ RunTime:0.0000s ]
INFO: [ view_parse ] --START--
INFO: [ template_filter ] --START--
INFO: Run Behavior\ContentReplaceBehavior [ RunTime:0.000000s ]
INFO: [ template_filter ] --END-- [ RunTime:0.000000s ]
INFO: Run Behavior\ParseTemplateBehavior [ RunTime:0.026002s ]
INFO: [ view_parse ] --END-- [ RunTime:0.027002s ]
INFO: [ view_filter ] --START--
INFO: Run Behavior\WriteHtmlCacheBehavior [ RunTime:0.001000s ]
INFO: [ view_filter ] --END-- [ RunTime:0.001000s ]
INFO: [ app_end ] --START--
INFO: Run Behavior\ShowPageTraceBehavior [ RunTime:0.002000s ]
INFO: [ app_end ] --END-- [ RunTime:0.002000s ]

[ 2019-03-03T12:02:27+08:00 ] ::1 /shop/index.php/admin/cat/cateadd
INFO: [ app_init ] --START--
INFO: Run Behavior\BuildLiteBehavior [ RunTime:0.000000s ]
INFO: [ app_init ] --END-- [ RunTime:0.000000s ]
INFO: [ app_begin ] --START--
INFO: Run Behavior\ReadHtmlCacheBehavior [ RunTime:0.002000s ]
INFO: [ app_begin ] --END-- [ RunTime:0.002000s ]
SQL: SHOW COLUMNS FROM `cat` [ RunTime:0.0140s ]
SQL: SELECT * FROM `cat`  [ RunTime:0.0020s ]
INFO: [ view_parse ] --START--
INFO: [ template_filter ] --START--
INFO: Run Behavior\ContentReplaceBehavior [ RunTime:0.000000s ]
INFO: [ template_filter ] --END-- [ RunTime:0.000000s ]
INFO: Run Behavior\ParseTemplateBehavior [ RunTime:0.027001s ]
INFO: [ view_parse ] --END-- [ RunTime:0.027001s ]
INFO: [ view_filter ] --START--
INFO: Run Behavior\WriteHtmlCacheBehavior [ RunTime:0.002001s ]
INFO: [ view_filter ] --END-- [ RunTime:0.002001s ]
INFO: [ app_end ] --START--
INFO: Run Behavior\ShowPageTraceBehavior [ RunTime:0.003000s ]
INFO: [ app_end ] --END-- [ RunTime:0.003000s ]

[ 2019-03-03T12:02:42+08:00 ] ::1 /shop/index.php/admin/cat/cateadd
INFO: [ app_init ] --START--
INFO: Run Behavior\BuildLiteBehavior [ RunTime:0.000000s ]
INFO: [ app_init ] --END-- [ RunTime:0.000000s ]
INFO: [ app_begin ] --START--
INFO: Run Behavior\ReadHtmlCacheBehavior [ RunTime:0.002000s ]
INFO: [ app_begin ] --END-- [ RunTime:0.002000s ]
SQL: SHOW COLUMNS FROM `cat` [ RunTime:0.0120s ]
SQL: SELECT * FROM `cat`  [ RunTime:0.0020s ]
INFO: [ view_parse ] --START--
INFO: [ template_filter ] --START--
INFO: Run Behavior\ContentReplaceBehavior [ RunTime:0.000000s ]
INFO: [ template_filter ] --END-- [ RunTime:0.000000s ]
INFO: Run Behavior\ParseTemplateBehavior [ RunTime:0.025002s ]
INFO: [ view_parse ] --END-- [ RunTime:0.025002s ]
INFO: [ view_filter ] --START--
INFO: Run Behavior\WriteHtmlCacheBehavior [ RunTime:0.001000s ]
INFO: [ view_filter ] --END-- [ RunTime:0.002000s ]
INFO: [ app_end ] --START--
INFO: Run Behavior\ShowPageTraceBehavior [ RunTime:0.003000s ]
INFO: [ app_end ] --END-- [ RunTime:0.003000s ]

[ 2019-03-03T12:03:33+08:00 ] ::1 /shop/index.php/admin/cat/cateadd
INFO: [ app_init ] --START--
INFO: Run Behavior\BuildLiteBehavior [ RunTime:0.000000s ]
INFO: [ app_init ] --END-- [ RunTime:0.002000s ]
INFO: [ app_begin ] --START--
INFO: Run Behavior\ReadHtmlCacheBehavior [ RunTime:0.003001s ]
INFO: [ app_begin ] --END-- [ RunTime:0.003001s ]
SQL: SHOW COLUMNS FROM `cat` [ RunTime:0.0120s ]
SQL: SELECT * FROM `cat`  [ RunTime:0.0010s ]
INFO: [ view_parse ] --START--
INFO: [ template_filter ] --START--
INFO: Run Behavior\ContentReplaceBehavior [ RunTime:0.000000s ]
INFO: [ template_filter ] --END-- [ RunTime:0.001000s ]
NOTIC: [8] Undefined index: lv*10 D:\phpStudy\PHPTutorial\WWW\shop\Runtime\Cache\Admin\a77e22bbe385f9cfd74ce2fd19b3f17a.php 第 31 行.
NOTIC: [8] Undefined index: lv*10 D:\phpStudy\PHPTutorial\WWW\shop\Runtime\Cache\Admin\a77e22bbe385f9cfd74ce2fd19b3f17a.php 第 31 行.
NOTIC: [8] Undefined index: lv*10 D:\phpStudy\PHPTutorial\WWW\shop\Runtime\Cache\Admin\a77e22bbe385f9cfd74ce2fd19b3f17a.php 第 31 行.
NOTIC: [8] Undefined index: lv*10 D:\phpStudy\PHPTutorial\WWW\shop\Runtime\Cache\Admin\a77e22bbe385f9cfd74ce2fd19b3f17a.php 第 31 行.
NOTIC: [8] Undefined index: lv*10 D:\phpStudy\PHPTutorial\WWW\shop\Runtime\Cache\Admin\a77e22bbe385f9cfd74ce2fd19b3f17a.php 第 31 行.
NOTIC: [8] Undefined index: lv*10 D:\phpStudy\PHPTutorial\WWW\shop\Runtime\Cache\Admin\a77e22bbe385f9cfd74ce2fd19b3f17a.php 第 31 行.
NOTIC: [8] Undefined index: lv*10 D:\phpStudy\PHPTutorial\WWW\shop\Runtime\Cache\Admin\a77e22bbe385f9cfd74ce2fd19b3f17a.php 第 31 行.
NOTIC: [8] Undefined index: lv*10 D:\phpStudy\PHPTutorial\WWW\shop\Runtime\Cache\Admin\a77e22bbe385f9cfd74ce2fd19b3f17a.php 第 31 行.
INFO: Run Behavior\ParseTemplateBehavior [ RunTime:0.025001s ]
INFO: [ view_parse ] --END-- [ RunTime:0.026001s ]
INFO: [ view_filter ] --START--
INFO: Run Behavior\WriteHtmlCacheBehavior [ RunTime:0.001000s ]
INFO: [ view_filter ] --END-- [ RunTime:0.001000s ]
INFO: [ app_end ] --START--
INFO: Run Behavior\ShowPageTraceBehavior [ RunTime:0.002001s ]
INFO: [ app_end ] --END-- [ RunTime:0.002001s ]

[ 2019-03-03T12:03:44+08:00 ] ::1 /shop/index.php/admin/cat/cateadd
INFO: [ app_init ] --START--
INFO: Run Behavior\BuildLiteBehavior [ RunTime:0.000000s ]
INFO: [ app_init ] --END-- [ RunTime:0.001000s ]
INFO: [ app_begin ] --START--
INFO: Run Behavior\ReadHtmlCacheBehavior [ RunTime:0.002000s ]
INFO: [ app_begin ] --END-- [ RunTime:0.002000s ]
SQL: SHOW COLUMNS FROM `cat` [ RunTime:0.0140s ]
SQL: SELECT * FROM `cat`  [ RunTime:0.0010s ]
INFO: [ view_parse ] --START--
INFO: [ template_filter ] --START--
INFO: Run Behavior\ContentReplaceBehavior [ RunTime:0.000000s ]
INFO: [ template_filter ] --END-- [ RunTime:0.001000s ]
NOTIC: [8] Undefined index: lv*10 D:\phpStudy\PHPTutorial\WWW\shop\Runtime\Cache\Admin\a77e22bbe385f9cfd74ce2fd19b3f17a.php 第 31 行.
NOTIC: [8] Undefined index: lv*10 D:\phpStudy\PHPTutorial\WWW\shop\Runtime\Cache\Admin\a77e22bbe385f9cfd74ce2fd19b3f17a.php 第 31 行.
NOTIC: [8] Undefined index: lv*10 D:\phpStudy\PHPTutorial\WWW\shop\Runtime\Cache\Admin\a77e22bbe385f9cfd74ce2fd19b3f17a.php 第 31 行.
NOTIC: [8] Undefined index: lv*10 D:\phpStudy\PHPTutorial\WWW\shop\Runtime\Cache\Admin\a77e22bbe385f9cfd74ce2fd19b3f17a.php 第 31 行.
NOTIC: [8] Undefined index: lv*10 D:\phpStudy\PHPTutorial\WWW\shop\Runtime\Cache\Admin\a77e22bbe385f9cfd74ce2fd19b3f17a.php 第 31 行.
NOTIC: [8] Undefined index: lv*10 D:\phpStudy\PHPTutorial\WWW\shop\Runtime\Cache\Admin\a77e22bbe385f9cfd74ce2fd19b3f17a.php 第 31 行.
NOTIC: [8] Undefined index: lv*10 D:\phpStudy\PHPTutorial\WWW\shop\Runtime\Cache\Admin\a77e22bbe385f9cfd74ce2fd19b3f17a.php 第 31 行.
NOTIC: [8] Undefined index: lv*10 D:\phpStudy\PHPTutorial\WWW\shop\Runtime\Cache\Admin\a77e22bbe385f9cfd74ce2fd19b3f17a.php 第 31 行.
INFO: Run Behavior\ParseTemplateBehavior [ RunTime:0.026002s ]
INFO: [ view_parse ] --END-- [ RunTime:0.026002s ]
INFO: [ view_filter ] --START--
INFO: Run Behavior\WriteHtmlCacheBehavior [ RunTime:0.002000s ]
INFO: [ view_filter ] --END-- [ RunTime:0.002000s ]
INFO: [ app_end ] --START--
INFO: Run Behavior\ShowPageTraceBehavior [ RunTime:0.002000s ]
INFO: [ app_end ] --END-- [ RunTime:0.003000s ]

[ 2019-03-03T12:04:30+08:00 ] ::1 /shop/index.php/admin/cat/cateadd
INFO: [ app_init ] --START--
INFO: Run Behavior\BuildLiteBehavior [ RunTime:0.000000s ]
INFO: [ app_init ] --END-- [ RunTime:0.001000s ]
INFO: [ app_begin ] --START--
INFO: Run Behavior\ReadHtmlCacheBehavior [ RunTime:0.001000s ]
INFO: [ app_begin ] --END-- [ RunTime:0.001000s ]
SQL: SHOW COLUMNS FROM `cat` [ RunTime:0.0130s ]
SQL: SELECT * FROM `cat`  [ RunTime:0.0010s ]
INFO: [ view_parse ] --START--
INFO: [ template_filter ] --START--
INFO: Run Behavior\ContentReplaceBehavior [ RunTime:0.000000s ]
INFO: [ template_filter ] --END-- [ RunTime:0.000000s ]
NOTIC: [8] Undefined index: lv*10 D:\phpStudy\PHPTutorial\WWW\shop\Runtime\Cache\Admin\a77e22bbe385f9cfd74ce2fd19b3f17a.php 第 31 行.
NOTIC: [8] Undefined index: lv*10 D:\phpStudy\PHPTutorial\WWW\shop\Runtime\Cache\Admin\a77e22bbe385f9cfd74ce2fd19b3f17a.php 第 31 行.
NOTIC: [8] Undefined index: lv*10 D:\phpStudy\PHPTutorial\WWW\shop\Runtime\Cache\Admin\a77e22bbe385f9cfd74ce2fd19b3f17a.php 第 31 行.
NOTIC: [8] Undefined index: lv*10 D:\phpStudy\PHPTutorial\WWW\shop\Runtime\Cache\Admin\a77e22bbe385f9cfd74ce2fd19b3f17a.php 第 31 行.
NOTIC: [8] Undefined index: lv*10 D:\phpStudy\PHPTutorial\WWW\shop\Runtime\Cache\Admin\a77e22bbe385f9cfd74ce2fd19b3f17a.php 第 31 行.
NOTIC: [8] Undefined index: lv*10 D:\phpStudy\PHPTutorial\WWW\shop\Runtime\Cache\Admin\a77e22bbe385f9cfd74ce2fd19b3f17a.php 第 31 行.
NOTIC: [8] Undefined index: lv*10 D:\phpStudy\PHPTutorial\WWW\shop\Runtime\Cache\Admin\a77e22bbe385f9cfd74ce2fd19b3f17a.php 第 31 行.
NOTIC: [8] Undefined index: lv*10 D:\phpStudy\PHPTutorial\WWW\shop\Runtime\Cache\Admin\a77e22bbe385f9cfd74ce2fd19b3f17a.php 第 31 行.
INFO: Run Behavior\ParseTemplateBehavior [ RunTime:0.027002s ]
INFO: [ view_parse ] --END-- [ RunTime:0.027002s ]
INFO: [ view_filter ] --START--
INFO: Run Behavior\WriteHtmlCacheBehavior [ RunTime:0.002000s ]
INFO: [ view_filter ] --END-- [ RunTime:0.002000s ]
INFO: [ app_end ] --START--
INFO: Run Behavior\ShowPageTraceBehavior [ RunTime:0.002000s ]
INFO: [ app_end ] --END-- [ RunTime:0.002000s ]

[ 2019-03-03T12:08:35+08:00 ] ::1 /shop/index.php/admin/cat/cateadd
INFO: [ app_init ] --START--
INFO: Run Behavior\BuildLiteBehavior [ RunTime:0.000000s ]
INFO: [ app_init ] --END-- [ RunTime:0.001000s ]
INFO: [ app_begin ] --START--
INFO: Run Behavior\ReadHtmlCacheBehavior [ RunTime:0.001000s ]
INFO: [ app_begin ] --END-- [ RunTime:0.001000s ]
SQL: SHOW COLUMNS FROM `cat` [ RunTime:0.0130s ]
SQL: SELECT * FROM `cat`  [ RunTime:0.0010s ]
INFO: [ view_parse ] --START--
INFO: [ template_filter ] --START--
INFO: Run Behavior\ContentReplaceBehavior [ RunTime:0.001000s ]
INFO: [ template_filter ] --END-- [ RunTime:0.001000s ]
NOTIC: [8] Undefined index: lv*10 D:\phpStudy\PHPTutorial\WWW\shop\Runtime\Cache\Admin\a77e22bbe385f9cfd74ce2fd19b3f17a.php 第 31 行.
NOTIC: [8] Undefined index: lv*10 D:\phpStudy\PHPTutorial\WWW\shop\Runtime\Cache\Admin\a77e22bbe385f9cfd74ce2fd19b3f17a.php 第 31 行.
NOTIC: [8] Undefined index: lv*10 D:\phpStudy\PHPTutorial\WWW\shop\Runtime\Cache\Admin\a77e22bbe385f9cfd74ce2fd19b3f17a.php 第 31 行.
NOTIC: [8] Undefined index: lv*10 D:\phpStudy\PHPTutorial\WWW\shop\Runtime\Cache\Admin\a77e22bbe385f9cfd74ce2fd19b3f17a.php 第 31 行.
NOTIC: [8] Undefined index: lv*10 D:\phpStudy\PHPTutorial\WWW\shop\Runtime\Cache\Admin\a77e22bbe385f9cfd74ce2fd19b3f17a.php 第 31 行.
NOTIC: [8] Undefined index: lv*10 D:\phpStudy\PHPTutorial\WWW\shop\Runtime\Cache\Admin\a77e22bbe385f9cfd74ce2fd19b3f17a.php 第 31 行.
NOTIC: [8] Undefined index: lv*10 D:\phpStudy\PHPTutorial\WWW\shop\Runtime\Cache\Admin\a77e22bbe385f9cfd74ce2fd19b3f17a.php 第 31 行.
NOTIC: [8] Undefined index: lv*10 D:\phpStudy\PHPTutorial\WWW\shop\Runtime\Cache\Admin\a77e22bbe385f9cfd74ce2fd19b3f17a.php 第 31 行.
INFO: Run Behavior\ParseTemplateBehavior [ RunTime:0.026001s ]
INFO: [ view_parse ] --END-- [ RunTime:0.026001s ]
INFO: [ view_filter ] --START--
INFO: Run Behavior\WriteHtmlCacheBehavior [ RunTime:0.001000s ]
INFO: [ view_filter ] --END-- [ RunTime:0.001000s ]
INFO: [ app_end ] --START--
INFO: Run Behavior\ShowPageTraceBehavior [ RunTime:0.002000s ]
INFO: [ app_end ] --END-- [ RunTime:0.002000s ]

[ 2019-03-03T12:08:50+08:00 ] ::1 /shop/index.php/admin/cat/cateadd
INFO: [ app_init ] --START--
INFO: Run Behavior\BuildLiteBehavior [ RunTime:0.000000s ]
INFO: [ app_init ] --END-- [ RunTime:0.001000s ]
INFO: [ app_begin ] --START--
INFO: Run Behavior\ReadHtmlCacheBehavior [ RunTime:0.002000s ]
INFO: [ app_begin ] --END-- [ RunTime:0.002000s ]
SQL: SHOW COLUMNS FROM `cat` [ RunTime:0.0140s ]
SQL: SELECT * FROM `cat`  [ RunTime:0.0030s ]
INFO: [ view_parse ] --START--
INFO: [ template_filter ] --START--
INFO: Run Behavior\ContentReplaceBehavior [ RunTime:0.000000s ]
INFO: [ template_filter ] --END-- [ RunTime:0.000000s ]
NOTIC: [8] Undefined index: lv*10 D:\phpStudy\PHPTutorial\WWW\shop\Runtime\Cache\Admin\a77e22bbe385f9cfd74ce2fd19b3f17a.php 第 31 行.
NOTIC: [8] Undefined index: lv*10 D:\phpStudy\PHPTutorial\WWW\shop\Runtime\Cache\Admin\a77e22bbe385f9cfd74ce2fd19b3f17a.php 第 31 行.
NOTIC: [8] Undefined index: lv*10 D:\phpStudy\PHPTutorial\WWW\shop\Runtime\Cache\Admin\a77e22bbe385f9cfd74ce2fd19b3f17a.php 第 31 行.
NOTIC: [8] Undefined index: lv*10 D:\phpStudy\PHPTutorial\WWW\shop\Runtime\Cache\Admin\a77e22bbe385f9cfd74ce2fd19b3f17a.php 第 31 行.
NOTIC: [8] Undefined index: lv*10 D:\phpStudy\PHPTutorial\WWW\shop\Runtime\Cache\Admin\a77e22bbe385f9cfd74ce2fd19b3f17a.php 第 31 行.
NOTIC: [8] Undefined index: lv*10 D:\phpStudy\PHPTutorial\WWW\shop\Runtime\Cache\Admin\a77e22bbe385f9cfd74ce2fd19b3f17a.php 第 31 行.
NOTIC: [8] Undefined index: lv*10 D:\phpStudy\PHPTutorial\WWW\shop\Runtime\Cache\Admin\a77e22bbe385f9cfd74ce2fd19b3f17a.php 第 31 行.
NOTIC: [8] Undefined index: lv*10 D:\phpStudy\PHPTutorial\WWW\shop\Runtime\Cache\Admin\a77e22bbe385f9cfd74ce2fd19b3f17a.php 第 31 行.
INFO: Run Behavior\ParseTemplateBehavior [ RunTime:0.028002s ]
INFO: [ view_parse ] --END-- [ RunTime:0.028002s ]
INFO: [ view_filter ] --START--
INFO: Run Behavior\WriteHtmlCacheBehavior [ RunTime:0.002000s ]
INFO: [ view_filter ] --END-- [ RunTime:0.002000s ]
INFO: [ app_end ] --START--
INFO: Run Behavior\ShowPageTraceBehavior [ RunTime:0.001000s ]
INFO: [ app_end ] --END-- [ RunTime:0.001000s ]

[ 2019-03-03T12:09:18+08:00 ] ::1 /shop/index.php/admin/cat/cateadd
INFO: [ app_init ] --START--
INFO: Run Behavior\BuildLiteBehavior [ RunTime:0.000000s ]
INFO: [ app_init ] --END-- [ RunTime:0.001000s ]
INFO: [ app_begin ] --START--
INFO: Run Behavior\ReadHtmlCacheBehavior [ RunTime:0.001000s ]
INFO: [ app_begin ] --END-- [ RunTime:0.001000s ]
SQL: SHOW COLUMNS FROM `cat` [ RunTime:0.0130s ]
SQL: SELECT * FROM `cat`  [ RunTime:0.0010s ]
INFO: [ view_parse ] --START--
INFO: [ template_filter ] --START--
INFO: Run Behavior\ContentReplaceBehavior [ RunTime:0.000000s ]
INFO: [ template_filter ] --END-- [ RunTime:0.000000s ]
NOTIC: [8] Undefined index: lv*10 D:\phpStudy\PHPTutorial\WWW\shop\Runtime\Cache\Admin\a77e22bbe385f9cfd74ce2fd19b3f17a.php 第 31 行.
NOTIC: [8] Undefined index: lv*10 D:\phpStudy\PHPTutorial\WWW\shop\Runtime\Cache\Admin\a77e22bbe385f9cfd74ce2fd19b3f17a.php 第 31 行.
NOTIC: [8] Undefined index: lv*10 D:\phpStudy\PHPTutorial\WWW\shop\Runtime\Cache\Admin\a77e22bbe385f9cfd74ce2fd19b3f17a.php 第 31 行.
NOTIC: [8] Undefined index: lv*10 D:\phpStudy\PHPTutorial\WWW\shop\Runtime\Cache\Admin\a77e22bbe385f9cfd74ce2fd19b3f17a.php 第 31 行.
NOTIC: [8] Undefined index: lv*10 D:\phpStudy\PHPTutorial\WWW\shop\Runtime\Cache\Admin\a77e22bbe385f9cfd74ce2fd19b3f17a.php 第 31 行.
NOTIC: [8] Undefined index: lv*10 D:\phpStudy\PHPTutorial\WWW\shop\Runtime\Cache\Admin\a77e22bbe385f9cfd74ce2fd19b3f17a.php 第 31 行.
NOTIC: [8] Undefined index: lv*10 D:\phpStudy\PHPTutorial\WWW\shop\Runtime\Cache\Admin\a77e22bbe385f9cfd74ce2fd19b3f17a.php 第 31 行.
NOTIC: [8] Undefined index: lv*10 D:\phpStudy\PHPTutorial\WWW\shop\Runtime\Cache\Admin\a77e22bbe385f9cfd74ce2fd19b3f17a.php 第 31 行.
INFO: Run Behavior\ParseTemplateBehavior [ RunTime:0.025001s ]
INFO: [ view_parse ] --END-- [ RunTime:0.025001s ]
INFO: [ view_filter ] --START--
INFO: Run Behavior\WriteHtmlCacheBehavior [ RunTime:0.002000s ]
INFO: [ view_filter ] --END-- [ RunTime:0.002000s ]
INFO: [ app_end ] --START--
INFO: Run Behavior\ShowPageTraceBehavior [ RunTime:0.002000s ]
INFO: [ app_end ] --END-- [ RunTime:0.003001s ]

[ 2019-03-03T12:09:48+08:00 ] ::1 /shop/index.php/admin/cat/cateadd
INFO: [ app_init ] --START--
INFO: Run Behavior\BuildLiteBehavior [ RunTime:0.000000s ]
INFO: [ app_init ] --END-- [ RunTime:0.001000s ]
INFO: [ app_begin ] --START--
INFO: Run Behavior\ReadHtmlCacheBehavior [ RunTime:0.002000s ]
INFO: [ app_begin ] --END-- [ RunTime:0.002000s ]
SQL: SHOW COLUMNS FROM `cat` [ RunTime:0.0130s ]
SQL: SELECT * FROM `cat`  [ RunTime:0.0010s ]
INFO: [ view_parse ] --START--
INFO: [ template_filter ] --START--
INFO: Run Behavior\ContentReplaceBehavior [ RunTime:0.000000s ]
INFO: [ template_filter ] --END-- [ RunTime:0.000000s ]
NOTIC: [8] Undefined index: lv*2 D:\phpStudy\PHPTutorial\WWW\shop\Runtime\Cache\Admin\a77e22bbe385f9cfd74ce2fd19b3f17a.php 第 31 行.
NOTIC: [8] Undefined index: lv*2 D:\phpStudy\PHPTutorial\WWW\shop\Runtime\Cache\Admin\a77e22bbe385f9cfd74ce2fd19b3f17a.php 第 31 行.
NOTIC: [8] Undefined index: lv*2 D:\phpStudy\PHPTutorial\WWW\shop\Runtime\Cache\Admin\a77e22bbe385f9cfd74ce2fd19b3f17a.php 第 31 行.
NOTIC: [8] Undefined index: lv*2 D:\phpStudy\PHPTutorial\WWW\shop\Runtime\Cache\Admin\a77e22bbe385f9cfd74ce2fd19b3f17a.php 第 31 行.
NOTIC: [8] Undefined index: lv*2 D:\phpStudy\PHPTutorial\WWW\shop\Runtime\Cache\Admin\a77e22bbe385f9cfd74ce2fd19b3f17a.php 第 31 行.
NOTIC: [8] Undefined index: lv*2 D:\phpStudy\PHPTutorial\WWW\shop\Runtime\Cache\Admin\a77e22bbe385f9cfd74ce2fd19b3f17a.php 第 31 行.
NOTIC: [8] Undefined index: lv*2 D:\phpStudy\PHPTutorial\WWW\shop\Runtime\Cache\Admin\a77e22bbe385f9cfd74ce2fd19b3f17a.php 第 31 行.
NOTIC: [8] Undefined index: lv*2 D:\phpStudy\PHPTutorial\WWW\shop\Runtime\Cache\Admin\a77e22bbe385f9cfd74ce2fd19b3f17a.php 第 31 行.
INFO: Run Behavior\ParseTemplateBehavior [ RunTime:0.025002s ]
INFO: [ view_parse ] --END-- [ RunTime:0.025002s ]
INFO: [ view_filter ] --START--
INFO: Run Behavior\WriteHtmlCacheBehavior [ RunTime:0.001000s ]
INFO: [ view_filter ] --END-- [ RunTime:0.001000s ]
INFO: [ app_end ] --START--
INFO: Run Behavior\ShowPageTraceBehavior [ RunTime:0.001000s ]
INFO: [ app_end ] --END-- [ RunTime:0.001000s ]

[ 2019-03-03T12:10:33+08:00 ] ::1 /shop/index.php/admin/cat/cateadd
INFO: [ app_init ] --START--
INFO: Run Behavior\BuildLiteBehavior [ RunTime:0.000000s ]
INFO: [ app_init ] --END-- [ RunTime:0.002001s ]
INFO: [ app_begin ] --START--
INFO: Run Behavior\ReadHtmlCacheBehavior [ RunTime:0.002000s ]
INFO: [ app_begin ] --END-- [ RunTime:0.002000s ]
SQL: SHOW COLUMNS FROM `cat` [ RunTime:0.0130s ]
SQL: SELECT * FROM `cat`  [ RunTime:0.0020s ]
INFO: [ view_parse ] --START--
INFO: [ template_filter ] --START--
INFO: Run Behavior\ContentReplaceBehavior [ RunTime:0.000000s ]
INFO: [ template_filter ] --END-- [ RunTime:0.001000s ]
INFO: Run Behavior\ParseTemplateBehavior [ RunTime:0.025002s ]
INFO: [ view_parse ] --END-- [ RunTime:0.025002s ]
INFO: [ view_filter ] --START--
INFO: Run Behavior\WriteHtmlCacheBehavior [ RunTime:0.002000s ]
INFO: [ view_filter ] --END-- [ RunTime:0.002000s ]
INFO: [ app_end ] --START--
INFO: Run Behavior\ShowPageTraceBehavior [ RunTime:0.003000s ]
INFO: [ app_end ] --END-- [ RunTime:0.003000s ]

[ 2019-03-03T12:11:07+08:00 ] ::1 /shop/index.php/admin/cat/cateadd
INFO: [ app_init ] --START--
INFO: Run Behavior\BuildLiteBehavior [ RunTime:0.000000s ]
INFO: [ app_init ] --END-- [ RunTime:0.001000s ]
INFO: [ app_begin ] --START--
INFO: Run Behavior\ReadHtmlCacheBehavior [ RunTime:0.001000s ]
INFO: [ app_begin ] --END-- [ RunTime:0.002000s ]
SQL: SHOW COLUMNS FROM `cat` [ RunTime:0.0140s ]
SQL: SELECT * FROM `cat`  [ RunTime:0.0020s ]
INFO: [ view_parse ] --START--
INFO: [ template_filter ] --START--
INFO: Run Behavior\ContentReplaceBehavior [ RunTime:0.000000s ]
INFO: [ template_filter ] --END-- [ RunTime:0.000000s ]
INFO: Run Behavior\ParseTemplateBehavior [ RunTime:0.026002s ]
INFO: [ view_parse ] --END-- [ RunTime:0.026002s ]
INFO: [ view_filter ] --START--
INFO: Run Behavior\WriteHtmlCacheBehavior [ RunTime:0.002000s ]
INFO: [ view_filter ] --END-- [ RunTime:0.002000s ]
INFO: [ app_end ] --START--
INFO: Run Behavior\ShowPageTraceBehavior [ RunTime:0.005000s ]
INFO: [ app_end ] --END-- [ RunTime:0.005000s ]

[ 2019-03-03T12:11:21+08:00 ] ::1 /shop/index.php/admin/cat/cateadd
INFO: [ app_init ] --START--
INFO: Run Behavior\BuildLiteBehavior [ RunTime:0.000000s ]
INFO: [ app_init ] --END-- [ RunTime:0.001000s ]
INFO: [ app_begin ] --START--
INFO: Run Behavior\ReadHtmlCacheBehavior [ RunTime:0.002001s ]
INFO: [ app_begin ] --END-- [ RunTime:0.002001s ]
SQL: SHOW COLUMNS FROM `cat` [ RunTime:0.0120s ]
SQL: SELECT * FROM `cat`  [ RunTime:0.0010s ]
INFO: [ view_parse ] --START--
INFO: [ template_filter ] --START--
INFO: Run Behavior\ContentReplaceBehavior [ RunTime:0.001000s ]
INFO: [ template_filter ] --END-- [ RunTime:0.001000s ]
INFO: Run Behavior\ParseTemplateBehavior [ RunTime:0.023002s ]
INFO: [ view_parse ] --END-- [ RunTime:0.023002s ]
INFO: [ view_filter ] --START--
INFO: Run Behavior\WriteHtmlCacheBehavior [ RunTime:0.002000s ]
INFO: [ view_filter ] --END-- [ RunTime:0.002000s ]
INFO: [ app_end ] --START--
INFO: Run Behavior\ShowPageTraceBehavior [ RunTime:0.003000s ]
INFO: [ app_end ] --END-- [ RunTime:0.003000s ]

[ 2019-03-03T12:12:12+08:00 ] ::1 /shop/index.php/admin/cat/cateadd
INFO: [ app_init ] --START--
INFO: Run Behavior\BuildLiteBehavior [ RunTime:0.000000s ]
INFO: [ app_init ] --END-- [ RunTime:0.000000s ]
INFO: [ app_begin ] --START--
INFO: Run Behavior\ReadHtmlCacheBehavior [ RunTime:0.001000s ]
INFO: [ app_begin ] --END-- [ RunTime:0.001000s ]
SQL: SHOW COLUMNS FROM `cat` [ RunTime:0.0130s ]
SQL: SELECT * FROM `cat`  [ RunTime:0.0010s ]
INFO: [ view_parse ] --START--
INFO: [ template_filter ] --START--
INFO: Run Behavior\ContentReplaceBehavior [ RunTime:0.001000s ]
INFO: [ template_filter ] --END-- [ RunTime:0.001000s ]
INFO: Run Behavior\ParseTemplateBehavior [ RunTime:0.024001s ]
INFO: [ view_parse ] --END-- [ RunTime:0.024001s ]
INFO: [ view_filter ] --START--
INFO: Run Behavior\WriteHtmlCacheBehavior [ RunTime:0.002000s ]
INFO: [ view_filter ] --END-- [ RunTime:0.002000s ]
INFO: [ app_end ] --START--
INFO: Run Behavior\ShowPageTraceBehavior [ RunTime:0.003000s ]
INFO: [ app_end ] --END-- [ RunTime:0.003000s ]

[ 2019-03-03T12:12:58+08:00 ] ::1 /shop/index.php/admin/cat/cateadd.html
INFO: [ app_init ] --START--
INFO: Run Behavior\BuildLiteBehavior [ RunTime:0.000000s ]
INFO: [ app_init ] --END-- [ RunTime:0.001000s ]
INFO: [ app_begin ] --START--
INFO: Run Behavior\ReadHtmlCacheBehavior [ RunTime:0.001000s ]
INFO: [ app_begin ] --END-- [ RunTime:0.001000s ]
INFO: [ app_end ] --START--
INFO: Run Behavior\ShowPageTraceBehavior [ RunTime:0.002000s ]
INFO: [ app_end ] --END-- [ RunTime:0.002000s ]

[ 2019-03-03T12:14:24+08:00 ] ::1 /shop/index.php/admin/cat/cateadd.html
INFO: [ app_init ] --START--
INFO: Run Behavior\BuildLiteBehavior [ RunTime:0.000000s ]
INFO: [ app_init ] --END-- [ RunTime:0.001000s ]
INFO: [ app_begin ] --START--
INFO: Run Behavior\ReadHtmlCacheBehavior [ RunTime:0.001000s ]
INFO: [ app_begin ] --END-- [ RunTime:0.001000s ]
INFO: [ app_end ] --START--
INFO: Run Behavior\ShowPageTraceBehavior [ RunTime:0.001000s ]
INFO: [ app_end ] --END-- [ RunTime:0.001000s ]

[ 2019-03-03T12:14:44+08:00 ] ::1 /shop/index.php/admin/cat/cateadd
INFO: [ app_init ] --START--
INFO: Run Behavior\BuildLiteBehavior [ RunTime:0.000000s ]
INFO: [ app_init ] --END-- [ RunTime:0.000000s ]
INFO: [ app_begin ] --START--
INFO: Run Behavior\ReadHtmlCacheBehavior [ RunTime:0.001000s ]
INFO: [ app_begin ] --END-- [ RunTime:0.002000s ]
SQL: SHOW COLUMNS FROM `cat` [ RunTime:0.0130s ]
SQL: SELECT * FROM `cat`  [ RunTime:0.0010s ]
INFO: [ view_parse ] --START--
INFO: [ template_filter ] --START--
INFO: Run Behavior\ContentReplaceBehavior [ RunTime:0.000000s ]
INFO: [ template_filter ] --END-- [ RunTime:0.000000s ]
INFO: Run Behavior\ParseTemplateBehavior [ RunTime:0.024001s ]
INFO: [ view_parse ] --END-- [ RunTime:0.024001s ]
INFO: [ view_filter ] --START--
INFO: Run Behavior\WriteHtmlCacheBehavior [ RunTime:0.002001s ]
INFO: [ view_filter ] --END-- [ RunTime:0.002001s ]
INFO: [ app_end ] --START--
INFO: Run Behavior\ShowPageTraceBehavior [ RunTime:0.005000s ]
INFO: [ app_end ] --END-- [ RunTime:0.005000s ]

